17-May-2024 11:19:48.550 INFO [main] org.apache.catalina.startup.VersionLoggerListener.log 서버 버전 이름:    Apache Tomcat/9.0.86
17-May-2024 11:19:48.553 INFO [main] org.apache.catalina.startup.VersionLoggerListener.log Server 빌드 시각:  Feb 14 2024 08:15:12 UTC
17-May-2024 11:19:48.553 INFO [main] org.apache.catalina.startup.VersionLoggerListener.log Server 버전 번호:  9.0.86.0
17-May-2024 11:19:48.554 INFO [main] org.apache.catalina.startup.VersionLoggerListener.log 운영체제 이름:     Windows 10
17-May-2024 11:19:48.554 INFO [main] org.apache.catalina.startup.VersionLoggerListener.log 운영체제 버전:     10.0
17-May-2024 11:19:48.554 INFO [main] org.apache.catalina.startup.VersionLoggerListener.log 아키텍처:          amd64
17-May-2024 11:19:48.554 INFO [main] org.apache.catalina.startup.VersionLoggerListener.log 자바 홈:           C:\Program Files\Java\jdk-11.0.2
17-May-2024 11:19:48.554 INFO [main] org.apache.catalina.startup.VersionLoggerListener.log JVM 버전:          11.0.2+9
17-May-2024 11:19:48.554 INFO [main] org.apache.catalina.startup.VersionLoggerListener.log JVM 벤더:          Oracle Corporation
17-May-2024 11:19:48.554 INFO [main] org.apache.catalina.startup.VersionLoggerListener.log CATALINA_BASE:     C:\workspace\multi\04_servletjsp\itj\jsp01
17-May-2024 11:19:48.555 INFO [main] org.apache.catalina.startup.VersionLoggerListener.log CATALINA_HOME:     C:\apache-tomcat-9.0.86
17-May-2024 11:19:48.560 INFO [main] org.apache.catalina.startup.VersionLoggerListener.log 명령 행 아규먼트:  --add-opens=java.base/java.lang=ALL-UNNAMED
17-May-2024 11:19:48.560 INFO [main] org.apache.catalina.startup.VersionLoggerListener.log 명령 행 아규먼트:  --add-opens=java.base/java.io=ALL-UNNAMED
17-May-2024 11:19:48.560 INFO [main] org.apache.catalina.startup.VersionLoggerListener.log 명령 행 아규먼트:  --add-opens=java.base/java.util=ALL-UNNAMED
17-May-2024 11:19:48.561 INFO [main] org.apache.catalina.startup.VersionLoggerListener.log 명령 행 아규먼트:  --add-opens=java.base/java.util.concurrent=ALL-UNNAMED
17-May-2024 11:19:48.561 INFO [main] org.apache.catalina.startup.VersionLoggerListener.log 명령 행 아규먼트:  --add-opens=java.rmi/sun.rmi.transport=ALL-UNNAMED
17-May-2024 11:19:48.561 INFO [main] org.apache.catalina.startup.VersionLoggerListener.log 명령 행 아규먼트:  -Dcatalina.home=C:\apache-tomcat-9.0.86
17-May-2024 11:19:48.561 INFO [main] org.apache.catalina.startup.VersionLoggerListener.log 명령 행 아규먼트:  -Dcatalina.base=C:\workspace\multi\04_servletjsp\itj\jsp01
17-May-2024 11:19:48.561 INFO [main] org.apache.catalina.startup.VersionLoggerListener.log 명령 행 아규먼트:  -Djava.io.tmpdir=C:\workspace\multi\04_servletjsp\itj\jsp01\temp
17-May-2024 11:19:48.561 INFO [main] org.apache.catalina.startup.VersionLoggerListener.log 명령 행 아규먼트:  -Djava.util.logging.config.file=C:\workspace\multi\04_servletjsp\itj\jsp01\conf\logging.properties
17-May-2024 11:19:48.561 INFO [main] org.apache.catalina.startup.VersionLoggerListener.log 명령 행 아규먼트:  -Djava.util.logging.manager=org.apache.juli.ClassLoaderLogManager
17-May-2024 11:19:48.561 INFO [main] org.apache.catalina.startup.VersionLoggerListener.log 명령 행 아규먼트:  -javaagent:C:\Program Files\JetBrains\IntelliJ IDEA Community Edition 2024.1\lib\idea_rt.jar=58999:C:\Program Files\JetBrains\IntelliJ IDEA Community Edition 2024.1\bin
17-May-2024 11:19:48.561 INFO [main] org.apache.catalina.startup.VersionLoggerListener.log 명령 행 아규먼트:  -Dfile.encoding=UTF-8
17-May-2024 11:19:48.567 INFO [main] org.apache.catalina.core.AprLifecycleListener.lifecycleEvent 프로덕션 환경들에서 최적의 성능을 제공하는, APR 기반 Apache Tomcat Native 라이브러리가, 다음 java.library.path에서 발견되지 않습니다: [C:\Program Files\Java\jdk-11.0.2\bin;C:\WINDOWS\Sun\Java\bin;C:\WINDOWS\system32;C:\WINDOWS;C:\Program Files\Common Files\Oracle\Java\javapath;C:\oraclexe\app\oracle\product\11.2.0\server\bin;;C:\Program Files\Java\jdk-11.0.2;C:\Program Files (x86)\Common Files\Oracle\Java\javapath;C:\WINDOWS\system32;C:\WINDOWS;C:\WINDOWS\System32\Wbem;C:\WINDOWS\System32\WindowsPowerShell\v1.0\;C:\WINDOWS\System32\OpenSSH\;C:\Program Files (x86)\NVIDIA Corporation\PhysX\Common;C:\Program Files\NVIDIA Corporation\NVIDIA NvDLISR;C:\Program Files\dotnet\;C:\Program Files\nodejs\;C:\ProgramData\chocolatey\bin;C:\Program Files\Git\cmd;C:\Program Files\MySQL\MySQL Shell 8.0\bin\;C:\Users\PC\AppData\Local\Programs\Python\Python311\Scripts\;C:\Users\PC\AppData\Local\Programs\Python\Python311\;C:\Users\PC\AppData\Local\Microsoft\WindowsApps;C:\Program Files\JetBrains\IntelliJ IDEA Community Edition 2024.1\bin;;C:\Users\PC\AppData\Local\afreeca;C:\Users\PC\AppData\Local\Programs\Microsoft VS Code\bin;C:\Users\PC\AppData\Roaming\npm;C:\Program Files\Java\jdk-11.0.2\bin;C:\Users\PC\AppData\Local\GitHubDesktop\bin;.]
17-May-2024 11:19:48.775 INFO [main] org.apache.coyote.AbstractProtocol.init 프로토콜 핸들러 ["http-nio-8081"]을(를) 초기화합니다.
17-May-2024 11:19:48.789 INFO [main] org.apache.catalina.startup.Catalina.load [411] 밀리초 내에 서버가 초기화되었습니다.
17-May-2024 11:19:48.849 INFO [main] org.apache.catalina.core.StandardService.startInternal 서비스 [Catalina]을(를) 시작합니다.
17-May-2024 11:19:48.849 INFO [main] org.apache.catalina.core.StandardEngine.startInternal 서버 엔진을 시작합니다: [Apache Tomcat/9.0.86]
17-May-2024 11:19:48.858 INFO [main] org.apache.catalina.startup.HostConfig.deployDescriptor 배치 descriptor [C:\workspace\multi\04_servletjsp\itj\jsp01\conf\Catalina\localhost\jsp01.xml]을(를) 배치합니다.
17-May-2024 11:19:49.070 INFO [main] org.apache.jasper.servlet.TldScanner.scanJars 적어도 하나의 JAR가 TLD들을 찾기 위해 스캔되었으나 아무 것도 찾지 못했습니다. 스캔했으나 TLD가 없는 JAR들의 전체 목록을 보시려면, 로그 레벨을 디버그 레벨로 설정하십시오. 스캔 과정에서 불필요한 JAR들을 건너뛰면, 시스템 시작 시간과 JSP 컴파일 시간을 단축시킬 수 있습니다.
17-May-2024 11:19:49.141 INFO [main] org.apache.catalina.startup.HostConfig.deployDescriptor 배치 descriptor [C:\workspace\multi\04_servletjsp\itj\jsp01\conf\Catalina\localhost\jsp01.xml]의 배치가 [281] 밀리초 내에 완료되었습니다.
17-May-2024 11:19:49.145 INFO [main] org.apache.coyote.AbstractProtocol.start 프로토콜 핸들러 ["http-nio-8081"]을(를) 시작합니다.
17-May-2024 11:19:49.198 INFO [main] org.apache.catalina.startup.Catalina.start 서버가 [409] 밀리초 내에 시작되었습니다.
17-May-2024 11:20:09.429 INFO [Thread-1] org.apache.coyote.AbstractProtocol.pause 프로토콜 핸들러 ["http-nio-8081"]을(를) 일시 정지 중
17-May-2024 11:20:09.460 INFO [Thread-1] org.apache.catalina.core.StandardService.stopInternal 서비스 [Catalina]을(를) 중지시킵니다.
17-May-2024 11:20:09.472 INFO [Thread-1] org.apache.coyote.AbstractProtocol.stop 프로토콜 핸들러 ["http-nio-8081"]을(를) 중지시킵니다.
17-May-2024 11:20:09.488 INFO [Thread-1] org.apache.coyote.AbstractProtocol.destroy 프로토콜 핸들러 ["http-nio-8081"]을(를) 소멸시킵니다.
17-May-2024 11:21:24.500 INFO [main] org.apache.catalina.startup.VersionLoggerListener.log 서버 버전 이름:    Apache Tomcat/9.0.86
17-May-2024 11:21:24.502 INFO [main] org.apache.catalina.startup.VersionLoggerListener.log Server 빌드 시각:  Feb 14 2024 08:15:12 UTC
17-May-2024 11:21:24.503 INFO [main] org.apache.catalina.startup.VersionLoggerListener.log Server 버전 번호:  9.0.86.0
17-May-2024 11:21:24.503 INFO [main] org.apache.catalina.startup.VersionLoggerListener.log 운영체제 이름:     Windows 10
17-May-2024 11:21:24.503 INFO [main] org.apache.catalina.startup.VersionLoggerListener.log 운영체제 버전:     10.0
17-May-2024 11:21:24.503 INFO [main] org.apache.catalina.startup.VersionLoggerListener.log 아키텍처:          amd64
17-May-2024 11:21:24.503 INFO [main] org.apache.catalina.startup.VersionLoggerListener.log 자바 홈:           C:\Program Files\Java\jdk-11.0.2
17-May-2024 11:21:24.503 INFO [main] org.apache.catalina.startup.VersionLoggerListener.log JVM 버전:          11.0.2+9
17-May-2024 11:21:24.503 INFO [main] org.apache.catalina.startup.VersionLoggerListener.log JVM 벤더:          Oracle Corporation
17-May-2024 11:21:24.503 INFO [main] org.apache.catalina.startup.VersionLoggerListener.log CATALINA_BASE:     C:\workspace\multi\04_servletjsp\itj\jsp01
17-May-2024 11:21:24.503 INFO [main] org.apache.catalina.startup.VersionLoggerListener.log CATALINA_HOME:     C:\apache-tomcat-9.0.86
17-May-2024 11:21:24.511 INFO [main] org.apache.catalina.startup.VersionLoggerListener.log 명령 행 아규먼트:  --add-opens=java.base/java.lang=ALL-UNNAMED
17-May-2024 11:21:24.511 INFO [main] org.apache.catalina.startup.VersionLoggerListener.log 명령 행 아규먼트:  --add-opens=java.base/java.io=ALL-UNNAMED
17-May-2024 11:21:24.511 INFO [main] org.apache.catalina.startup.VersionLoggerListener.log 명령 행 아규먼트:  --add-opens=java.base/java.util=ALL-UNNAMED
17-May-2024 11:21:24.511 INFO [main] org.apache.catalina.startup.VersionLoggerListener.log 명령 행 아규먼트:  --add-opens=java.base/java.util.concurrent=ALL-UNNAMED
17-May-2024 11:21:24.511 INFO [main] org.apache.catalina.startup.VersionLoggerListener.log 명령 행 아규먼트:  --add-opens=java.rmi/sun.rmi.transport=ALL-UNNAMED
17-May-2024 11:21:24.511 INFO [main] org.apache.catalina.startup.VersionLoggerListener.log 명령 행 아규먼트:  -Dcatalina.home=C:\apache-tomcat-9.0.86
17-May-2024 11:21:24.511 INFO [main] org.apache.catalina.startup.VersionLoggerListener.log 명령 행 아규먼트:  -Dcatalina.base=C:\workspace\multi\04_servletjsp\itj\jsp01
17-May-2024 11:21:24.511 INFO [main] org.apache.catalina.startup.VersionLoggerListener.log 명령 행 아규먼트:  -Djava.io.tmpdir=C:\workspace\multi\04_servletjsp\itj\jsp01\temp
17-May-2024 11:21:24.512 INFO [main] org.apache.catalina.startup.VersionLoggerListener.log 명령 행 아규먼트:  -Djava.util.logging.config.file=C:\workspace\multi\04_servletjsp\itj\jsp01\conf\logging.properties
17-May-2024 11:21:24.512 INFO [main] org.apache.catalina.startup.VersionLoggerListener.log 명령 행 아규먼트:  -Djava.util.logging.manager=org.apache.juli.ClassLoaderLogManager
17-May-2024 11:21:24.512 INFO [main] org.apache.catalina.startup.VersionLoggerListener.log 명령 행 아규먼트:  -javaagent:C:\Program Files\JetBrains\IntelliJ IDEA Community Edition 2024.1\lib\idea_rt.jar=59049:C:\Program Files\JetBrains\IntelliJ IDEA Community Edition 2024.1\bin
17-May-2024 11:21:24.512 INFO [main] org.apache.catalina.startup.VersionLoggerListener.log 명령 행 아규먼트:  -Dfile.encoding=UTF-8
17-May-2024 11:21:24.516 INFO [main] org.apache.catalina.core.AprLifecycleListener.lifecycleEvent 프로덕션 환경들에서 최적의 성능을 제공하는, APR 기반 Apache Tomcat Native 라이브러리가, 다음 java.library.path에서 발견되지 않습니다: [C:\Program Files\Java\jdk-11.0.2\bin;C:\WINDOWS\Sun\Java\bin;C:\WINDOWS\system32;C:\WINDOWS;C:\Program Files\Common Files\Oracle\Java\javapath;C:\oraclexe\app\oracle\product\11.2.0\server\bin;;C:\Program Files\Java\jdk-11.0.2;C:\Program Files (x86)\Common Files\Oracle\Java\javapath;C:\WINDOWS\system32;C:\WINDOWS;C:\WINDOWS\System32\Wbem;C:\WINDOWS\System32\WindowsPowerShell\v1.0\;C:\WINDOWS\System32\OpenSSH\;C:\Program Files (x86)\NVIDIA Corporation\PhysX\Common;C:\Program Files\NVIDIA Corporation\NVIDIA NvDLISR;C:\Program Files\dotnet\;C:\Program Files\nodejs\;C:\ProgramData\chocolatey\bin;C:\Program Files\Git\cmd;C:\Program Files\MySQL\MySQL Shell 8.0\bin\;C:\Users\PC\AppData\Local\Programs\Python\Python311\Scripts\;C:\Users\PC\AppData\Local\Programs\Python\Python311\;C:\Users\PC\AppData\Local\Microsoft\WindowsApps;C:\Program Files\JetBrains\IntelliJ IDEA Community Edition 2024.1\bin;;C:\Users\PC\AppData\Local\afreeca;C:\Users\PC\AppData\Local\Programs\Microsoft VS Code\bin;C:\Users\PC\AppData\Roaming\npm;C:\Program Files\Java\jdk-11.0.2\bin;C:\Users\PC\AppData\Local\GitHubDesktop\bin;.]
17-May-2024 11:21:24.703 INFO [main] org.apache.coyote.AbstractProtocol.init 프로토콜 핸들러 ["http-nio-8081"]을(를) 초기화합니다.
17-May-2024 11:21:24.719 INFO [main] org.apache.catalina.startup.Catalina.load [357] 밀리초 내에 서버가 초기화되었습니다.
17-May-2024 11:21:24.769 INFO [main] org.apache.catalina.core.StandardService.startInternal 서비스 [Catalina]을(를) 시작합니다.
17-May-2024 11:21:24.769 INFO [main] org.apache.catalina.core.StandardEngine.startInternal 서버 엔진을 시작합니다: [Apache Tomcat/9.0.86]
17-May-2024 11:21:24.778 INFO [main] org.apache.catalina.startup.HostConfig.deployDescriptor 배치 descriptor [C:\workspace\multi\04_servletjsp\itj\jsp01\conf\Catalina\localhost\jsp01.xml]을(를) 배치합니다.
17-May-2024 11:21:25.000 INFO [main] org.apache.jasper.servlet.TldScanner.scanJars 적어도 하나의 JAR가 TLD들을 찾기 위해 스캔되었으나 아무 것도 찾지 못했습니다. 스캔했으나 TLD가 없는 JAR들의 전체 목록을 보시려면, 로그 레벨을 디버그 레벨로 설정하십시오. 스캔 과정에서 불필요한 JAR들을 건너뛰면, 시스템 시작 시간과 JSP 컴파일 시간을 단축시킬 수 있습니다.
17-May-2024 11:21:25.082 INFO [main] org.apache.catalina.startup.HostConfig.deployDescriptor 배치 descriptor [C:\workspace\multi\04_servletjsp\itj\jsp01\conf\Catalina\localhost\jsp01.xml]의 배치가 [303] 밀리초 내에 완료되었습니다.
17-May-2024 11:21:25.085 INFO [main] org.apache.coyote.AbstractProtocol.start 프로토콜 핸들러 ["http-nio-8081"]을(를) 시작합니다.
17-May-2024 11:21:25.136 INFO [main] org.apache.catalina.startup.Catalina.start 서버가 [417] 밀리초 내에 시작되었습니다.
17-May-2024 11:21:32.513 INFO [Thread-1] org.apache.coyote.AbstractProtocol.pause 프로토콜 핸들러 ["http-nio-8081"]을(를) 일시 정지 중
17-May-2024 11:21:32.542 INFO [Thread-1] org.apache.catalina.core.StandardService.stopInternal 서비스 [Catalina]을(를) 중지시킵니다.
17-May-2024 11:21:32.553 INFO [Thread-1] org.apache.coyote.AbstractProtocol.stop 프로토콜 핸들러 ["http-nio-8081"]을(를) 중지시킵니다.
17-May-2024 11:21:32.578 INFO [Thread-1] org.apache.coyote.AbstractProtocol.destroy 프로토콜 핸들러 ["http-nio-8081"]을(를) 소멸시킵니다.
