2024-06-05 15:10:18.830 - DBeaver 24.0.3.202404211624 is starting
2024-06-05 15:10:18.830 - OS: Windows 11 10.0 (amd64)
2024-06-05 15:10:18.832 - Java version: 17.0.6 by Eclipse Adoptium (64bit)
2024-06-05 15:10:18.832 - Install path: 'C:\Users\PC\AppData\Local\DBeaver'
2024-06-05 15:10:18.832 - Instance path: 'file:/C:/workspace/multi/03_db/'
2024-06-05 15:10:18.834 - Memory available 64Mb/1024Mb
2024-06-05 15:10:18.846 - Create display
2024-06-05 15:10:18.928 - Initialize desktop platform...
2024-06-05 15:10:19.025 - BounceCastle bundle found. Use JCE provider BC
> Start Core File Systems [org.eclipse.core.filesystem 1.10.200.v20231102-0934]
> Start Core Resource Management [org.eclipse.core.resources 3.20.0.v20231102-0934]
> Start 팀 지원 핵심 [org.eclipse.team.core 3.10.200.v20231106-1240]
> Start DBeaver UI Navigator [org.jkiss.dbeaver.ui.navigator 1.0.129.202404211624]
2024-06-05 15:10:19.227 - Initialize base platform...
2024-06-05 15:10:19.249 - Platform initialized (321ms)
> Start DBeaver UI Editors - Base [org.jkiss.dbeaver.ui.editors.base 1.0.129.202404211624]
2024-06-05 15:10:19.323 - Starting instance server at http://localhost:50616
2024-06-05 15:10:19.334 - Run workbench
> Start Eclipse e4 작업영역 SWT [org.eclipse.e4.ui.workbench.swt 0.17.200.v20231030-2045]
> Start Eclipse Application Services [org.eclipse.e4.core.services 2.4.200.v20231103-2012]
> Start Eclipse UI Application Services [org.eclipse.e4.ui.services 1.6.200.v20231030-2045]
> Start Eclipse e4 Progress View [org.eclipse.e4.ui.progress 0.4.200.v20231030-2045]
> Start Eclipse Bindings Support [org.eclipse.e4.ui.bindings 0.14.200.v20231030-2045]
> Start Eclipse e4 core commands [org.eclipse.e4.core.commands 1.1.200.v20231108-1058]
> Start EMF XML/XMI Persistence [org.eclipse.emf.ecore.xmi 2.36.0.v20231002-1156]
> Start Eclipse CSS SWT Theme Support [org.eclipse.e4.ui.css.swt.theme 0.14.200.v20230913-1724]
> Start Eclipse e4 작업영역 기능 추가 [org.eclipse.e4.ui.workbench.addons.swt 1.5.200.v20231106-1600]
> Start Eclipse e4 작업영역 SWT 렌더러 [org.eclipse.e4.ui.workbench.renderers.swt 0.16.200.v20231030-2045]
> Start Eclipse Dependency Injection Extensions [org.eclipse.e4.core.di.extensions 0.18.100.v20231103-2012]
> Start Eclipse CSS SWT Support [org.eclipse.e4.ui.css.swt 0.15.200.v20231025-0632]
2024-06-05 15:10:25.104 - Configure workbench window
> Start DBeaver SQL Model [org.jkiss.dbeaver.model.sql 1.0.119.202404211624]
2024-06-05 15:10:25.219 - Total database drivers: 112 (112)
> Start 도움말 시스템 코어 [org.eclipse.help 3.10.200.v20231106-1240]
2024-06-05 15:10:25.317 - Create actions
2024-06-05 15:10:25.320 - Disable Eclipse action set 'org.eclipse.ui.edit.text.actionSet.annotationNavigation'
2024-06-05 15:10:25.322 - Disable Eclipse action set 'org.eclipse.ui.WorkingSetActionSet'
2024-06-05 15:10:25.322 - Disable Eclipse action set 'org.eclipse.ui.actionSet.openFiles'
2024-06-05 15:10:25.322 - Create workbench actions
> Start jna [com.sun.jna 5.13.0.v20230812-1000]
2024-06-05 15:10:26.129 - Initialize workbench window
2024-06-05 15:10:26.133 - Finish initialization
> Start 기본 문서 편집기 [org.eclipse.ui.editors 3.17.100.v20231106-1600]
> Start 텍스트 편집기 프레임워크 [org.eclipse.ui.workbench.texteditor 3.17.200.v20231106-1600]
> Start DBeaver UI Editors - Data [org.jkiss.dbeaver.ui.editors.data 1.0.129.202404211624]
Warning: NLS unused message: actions_navigator__objects in: org.jkiss.dbeaver.ui.editors.sql.internal.SQLEditorMessages
> Start DBeaver UI Editors - SQL [org.jkiss.dbeaver.ui.editors.sql 1.0.129.202404211624]
> Start DBeaver SQL Terminal [org.jkiss.dbeaver.ui.editors.sql.terminal 1.0.105.202404211624]
> Start 핵심 비교 지원 [org.eclipse.compare.core 3.8.300.v20231106-1240]
> Start 인터넷 연결 관리 사용자 인터페이스 [org.eclipse.ui.net 1.5.200.v20231106-1240]
> Start Internet Connection Management [org.eclipse.core.net 1.5.200.v20231106-1240]
> Start DBeaver Sample Database [org.jkiss.dbeaver.ext.sample.database 1.0.166.202404211624]
> Start DBeaver Tip of the day [org.jkiss.dbeaver.ext.ui.tipoftheday 1.0.135.202404211624]
> Start GEF Classic Draw2d [org.eclipse.draw2d 3.14.100.202311222042]
> Start GEF Classic GEF (MVC) [org.eclipse.gef 3.16.0.202311222042]
> Start DBeaver ERD UI [org.jkiss.dbeaver.erd.ui 3.0.89.202404211624]
> Start DBeaver ERD Model [org.jkiss.dbeaver.erd.model 1.0.89.202404211624]
> Start DBeaver Dashboard UI [org.jkiss.dbeaver.ui.dashboard 1.0.126.202404211624]
> Start DBeaver Dashboards Model [org.jkiss.dbeaver.model.dashboard 1.0.2.202404211624]
> Start DBeaver JDBC Model [org.jkiss.dbeaver.model.jdbc 1.0.22.202404211624]
> Start DBeaver Oracle Model [org.jkiss.dbeaver.ext.oracle 2.1.214.202404211624]
> Start DBeaver UI Editors - Connections [org.jkiss.dbeaver.ui.editors.connection 1.0.120.202404211624]
> Start 콘솔 [org.eclipse.ui.console 3.13.100.v20230914-0751]
> Start 디버그 핵심 [org.eclipse.debug.core 3.21.200.v20231021-1513]
2024-06-05 15:10:28.152 - Connect with 'localhost 2' (mysql8-18f3c45f4ce-7b783b169c9c510b)
> Start DBeaver MySQL Support [org.jkiss.dbeaver.ext.mysql 2.1.214.202404211624]
2024-06-05 15:10:28.178 - Execution context opened (localhost 2; Main; 0)
> Start DBeaver GIS Support [org.jkiss.dbeaver.data.gis 1.0.153.202404211624]
2024-06-05 15:10:28.312 - Execution context opened (localhost 2; Metadata; 1)
2024-06-05 15:10:28.363 - Connected (mysql8-18f3c45f4ce-7b783b169c9c510b, MySQL Connector/J [mysql-connector-j-8.2.0 (Revision: 06a1f724497fd81c6a659131fda822c9e5085b6c)])
2024-06-05 15:10:28.365 - Execution context opened (localhost 2; SQLEditor <20240605_mysql_scott.sql>; 2)
> Start DBeaver SQL Language Semantic Model [org.jkiss.dbeaver.model.lsm 1.0.24.202404211624]
> Start DBeaver Tasks - Native Tools UI [org.jkiss.dbeaver.tasks.native.ui 1.0.107.202404211624]
> Start DBeaver MySQL UI Support [org.jkiss.dbeaver.ext.mysql.ui 1.0.121.202404211624]
> Start DBeaver Tasks - General UI [org.jkiss.dbeaver.tasks.ui 1.0.107.202404211624]
2024-06-05 15:10:30.384 - Open [https://dbeaver.io/product/version.xml]
> Start DBeaver Data Transfer [org.jkiss.dbeaver.data.transfer 2.0.113.202404211624]
2024-06-05 15:10:55.725 - Error resolving object
org.jkiss.dbeaver.DBException: Table 'bbs2' not found in catalog 'scott'
	at org.jkiss.dbeaver.ext.mysql.model.MySQLStructureAssistant$1.resolveObject(MySQLStructureAssistant.java:149)
	at org.jkiss.dbeaver.ui.editors.sql.dialogs.SuggestionInformationControl$1.run(SuggestionInformationControl.java:130)
	at org.jkiss.dbeaver.model.runtime.AbstractJob.run(AbstractJob.java:115)
	at org.eclipse.core.internal.jobs.Worker.run(Worker.java:63)
2024-06-05 15:10:57.472 - Table 'scott.bbs2' not found in metadata catalog
2024-06-05 15:10:57.472 - Table 'scott.bbs2' not found in metadata catalog
2024-06-05 15:10:57.472 - Table 'scott.bbs2' not found in metadata catalog
2024-06-05 15:10:57.472 - Table 'scott.bbs2' not found in metadata catalog
2024-06-05 15:10:57.473 - Table 'scott.bbs2' not found in metadata catalog
2024-06-05 16:05:50.051 - End idle 1 transactions for mysql8-18f3c45f4ce-7b783b169c9c510b
> Start ICU4J Base [com.ibm.icu.base 58.2.0.v20170418-1837]
2024-06-05 19:00:13.203 - Event loop exception
java.lang.NullPointerException: Cannot invoke "org.jkiss.dbeaver.model.runtime.DBRProgressMonitor.subTask(String)" because "monitor" is null
	at org.jkiss.dbeaver.erd.ui.layout.GraphLayoutAuto.layout(GraphLayoutAuto.java:63)
	at org.jkiss.dbeaver.erd.ui.layout.DelegatingLayoutManager.layout(DelegatingLayoutManager.java:100)
	at org.eclipse.draw2d.Figure.layout(Figure.java:1206)
	at org.eclipse.draw2d.Figure.validate(Figure.java:2064)
	at java.base/java.util.ArrayList.forEach(Unknown Source)
	at org.eclipse.draw2d.Figure.validate(Figure.java:2065)
	at java.base/java.util.ArrayList.forEach(Unknown Source)
	at org.eclipse.draw2d.Figure.validate(Figure.java:2065)
	at java.base/java.util.ArrayList.forEach(Unknown Source)
	at org.eclipse.draw2d.Figure.validate(Figure.java:2065)
	at java.base/java.util.ArrayList.forEach(Unknown Source)
	at org.eclipse.draw2d.Figure.validate(Figure.java:2065)
	at org.eclipse.draw2d.FreeformViewport$FreeformViewportLayout.calculatePreferredSize(FreeformViewport.java:27)
	at org.eclipse.draw2d.AbstractLayout.getPreferredSize(AbstractLayout.java:104)
	at org.eclipse.draw2d.AbstractHintLayout.getPreferredSize(AbstractHintLayout.java:86)
	at org.eclipse.draw2d.Figure.getPreferredSize(Figure.java:884)
	at org.eclipse.draw2d.ScrollPaneSolver.solve(ScrollPaneSolver.java:77)
	at org.eclipse.draw2d.FigureCanvas.layoutViewport(FigureCanvas.java:304)
	at org.eclipse.draw2d.FigureCanvas$1.notifyValidating(FigureCanvas.java:272)
	at java.base/java.util.ArrayList.forEach(Unknown Source)
	at org.eclipse.draw2d.UpdateManager.fireValidating(UpdateManager.java:124)
	at org.eclipse.draw2d.DeferredUpdateManager.performValidation(DeferredUpdateManager.java:221)
	at org.eclipse.draw2d.DeferredUpdateManager.performUpdate(DeferredUpdateManager.java:194)
	at org.eclipse.draw2d.DeferredUpdateManager$UpdateRequest.run(DeferredUpdateManager.java:46)
	at org.eclipse.swt.widgets.RunnableLock.run(RunnableLock.java:40)
	at org.eclipse.swt.widgets.Synchronizer.runAsyncMessages(Synchronizer.java:132)
	at org.eclipse.swt.widgets.Display.runAsyncMessages(Display.java:4046)
	at org.eclipse.swt.widgets.Display.readAndDispatch(Display.java:3662)
	at org.eclipse.e4.ui.internal.workbench.swt.PartRenderingEngine$5.run(PartRenderingEngine.java:1155)
	at org.eclipse.core.databinding.observable.Realm.runWithDefault(Realm.java:342)
	at org.eclipse.e4.ui.internal.workbench.swt.PartRenderingEngine.run(PartRenderingEngine.java:1046)
	at org.eclipse.e4.ui.internal.workbench.E4Workbench.createAndRunUI(E4Workbench.java:155)
	at org.eclipse.ui.internal.Workbench.lambda$3(Workbench.java:648)
	at org.eclipse.core.databinding.observable.Realm.runWithDefault(Realm.java:342)
	at org.eclipse.ui.internal.Workbench.createAndRunWorkbench(Workbench.java:555)
	at org.eclipse.ui.PlatformUI.createAndRunWorkbench(PlatformUI.java:173)
	at org.jkiss.dbeaver.ui.app.standalone.DBeaverApplication.start(DBeaverApplication.java:295)
	at org.eclipse.equinox.internal.app.EclipseAppHandle.run(EclipseAppHandle.java:208)
	at org.eclipse.core.runtime.internal.adaptor.EclipseAppLauncher.runApplication(EclipseAppLauncher.java:136)
	at org.eclipse.core.runtime.internal.adaptor.EclipseAppLauncher.start(EclipseAppLauncher.java:104)
	at org.eclipse.core.runtime.adaptor.EclipseStarter.run(EclipseStarter.java:402)
	at org.eclipse.core.runtime.adaptor.EclipseStarter.run(EclipseStarter.java:255)
	at java.base/jdk.internal.reflect.NativeMethodAccessorImpl.invoke0(Native Method)
	at java.base/jdk.internal.reflect.NativeMethodAccessorImpl.invoke(Unknown Source)
	at java.base/jdk.internal.reflect.DelegatingMethodAccessorImpl.invoke(Unknown Source)
	at java.base/java.lang.reflect.Method.invoke(Unknown Source)
	at org.jkiss.dbeaver.launcher.DBeaverLauncher.invokeFramework(DBeaverLauncher.java:647)
	at org.jkiss.dbeaver.launcher.DBeaverLauncher.basicRun(DBeaverLauncher.java:607)
	at org.jkiss.dbeaver.launcher.DBeaverLauncher.run(DBeaverLauncher.java:1464)
2024-06-05 19:38:16.793 - Execution context opened (localhost 2; SQLEditor <jsp_mysql_scott.sql>; 3)
2024-06-05 19:44:23.953 - SQL Error [1062] [23000]: Duplicate entry 'm01' for key 'member.id'
org.jkiss.dbeaver.model.sql.DBSQLException: SQL Error [1062] [23000]: Duplicate entry 'm01' for key 'member.id'
	at org.jkiss.dbeaver.model.impl.jdbc.exec.JDBCStatementImpl.executeStatement(JDBCStatementImpl.java:133)
	at org.jkiss.dbeaver.ui.editors.sql.execute.SQLQueryJob.executeStatement(SQLQueryJob.java:614)
	at org.jkiss.dbeaver.ui.editors.sql.execute.SQLQueryJob.lambda$2(SQLQueryJob.java:505)
	at org.jkiss.dbeaver.ui.editors.sql.execute.SQLQueryJob.executeSingleQuery(SQLQueryJob.java:527)
	at org.jkiss.dbeaver.ui.editors.sql.execute.SQLQueryJob.extractData(SQLQueryJob.java:976)
	at org.jkiss.dbeaver.ui.editors.sql.SQLEditor$QueryResultsContainer.readData(SQLEditor.java:4155)
	at org.jkiss.dbeaver.ui.controls.resultset.ResultSetJobDataRead.lambda$0(ResultSetJobDataRead.java:123)
	at org.jkiss.dbeaver.model.exec.DBExecUtils.tryExecuteRecover(DBExecUtils.java:194)
	at org.jkiss.dbeaver.ui.controls.resultset.ResultSetJobDataRead.run(ResultSetJobDataRead.java:121)
	at org.jkiss.dbeaver.ui.controls.resultset.ResultSetViewer$ResultSetDataPumpJob.run(ResultSetViewer.java:5152)
	at org.jkiss.dbeaver.model.runtime.AbstractJob.run(AbstractJob.java:115)
	at org.eclipse.core.internal.jobs.Worker.run(Worker.java:63)
Caused by: java.sql.SQLIntegrityConstraintViolationException: Duplicate entry 'm01' for key 'member.id'
	at com.mysql.cj.jdbc.exceptions.SQLError.createSQLException(SQLError.java:118)
	at com.mysql.cj.jdbc.exceptions.SQLExceptionsMapping.translateException(SQLExceptionsMapping.java:122)
	at com.mysql.cj.jdbc.StatementImpl.executeInternal(StatementImpl.java:767)
	at com.mysql.cj.jdbc.StatementImpl.execute(StatementImpl.java:652)
	at org.jkiss.dbeaver.model.impl.jdbc.exec.JDBCStatementImpl.execute(JDBCStatementImpl.java:330)
	at org.jkiss.dbeaver.model.impl.jdbc.exec.JDBCStatementImpl.executeStatement(JDBCStatementImpl.java:131)
	... 11 more
2024-06-05 19:50:06.152 - Error while analyzing query text: CREATE TABLE 

SELECT * FROM bbs2
java.lang.UnsupportedOperationException: identifier expected while facing with error
	at org.jkiss.dbeaver.ui.editors.sql.semantics.SQLQueryModelRecognizer.collectIdentifier(SQLQueryModelRecognizer.java:877)
	at org.jkiss.dbeaver.ui.editors.sql.semantics.SQLQueryModelRecognizer.collectQualifiedName(SQLQueryModelRecognizer.java:972)
	at org.jkiss.dbeaver.ui.editors.sql.semantics.SQLQueryModelRecognizer.collectTableName(SQLQueryModelRecognizer.java:953)
	at org.jkiss.dbeaver.ui.editors.sql.semantics.SQLQueryModelRecognizer.traverseForIdentifiers(SQLQueryModelRecognizer.java:468)
	at org.jkiss.dbeaver.ui.editors.sql.semantics.SQLQueryModelRecognizer.recognizeQuery(SQLQueryModelRecognizer.java:678)
	at org.jkiss.dbeaver.ui.editors.sql.semantics.SQLBackgroundParsingJob.doWork(SQLBackgroundParsingJob.java:501)
	at org.jkiss.dbeaver.ui.editors.sql.semantics.SQLBackgroundParsingJob$1.run(SQLBackgroundParsingJob.java:81)
	at org.jkiss.dbeaver.model.runtime.AbstractJob.run(AbstractJob.java:115)
	at org.eclipse.core.internal.jobs.Worker.run(Worker.java:63)
2024-06-05 19:50:10.342 - Error while analyzing query text: CREATE TABLE order

SELECT * FROM bbs2
java.lang.UnsupportedOperationException: identifier expected while facing with error
	at org.jkiss.dbeaver.ui.editors.sql.semantics.SQLQueryModelRecognizer.collectIdentifier(SQLQueryModelRecognizer.java:877)
	at org.jkiss.dbeaver.ui.editors.sql.semantics.SQLQueryModelRecognizer.collectQualifiedName(SQLQueryModelRecognizer.java:972)
	at org.jkiss.dbeaver.ui.editors.sql.semantics.SQLQueryModelRecognizer.collectTableName(SQLQueryModelRecognizer.java:953)
	at org.jkiss.dbeaver.ui.editors.sql.semantics.SQLQueryModelRecognizer.traverseForIdentifiers(SQLQueryModelRecognizer.java:468)
	at org.jkiss.dbeaver.ui.editors.sql.semantics.SQLQueryModelRecognizer.recognizeQuery(SQLQueryModelRecognizer.java:678)
	at org.jkiss.dbeaver.ui.editors.sql.semantics.SQLBackgroundParsingJob.doWork(SQLBackgroundParsingJob.java:501)
	at org.jkiss.dbeaver.ui.editors.sql.semantics.SQLBackgroundParsingJob$1.run(SQLBackgroundParsingJob.java:81)
	at org.jkiss.dbeaver.model.runtime.AbstractJob.run(AbstractJob.java:115)
	at org.eclipse.core.internal.jobs.Worker.run(Worker.java:63)
2024-06-05 19:51:07.834 - Error while analyzing query text: DROP TABLE 

CREATE TABLE ordercart (
	'상품명' VARCHAR(100),
	'가격' INT
)
java.lang.UnsupportedOperationException: identifier expected while facing with error
	at org.jkiss.dbeaver.ui.editors.sql.semantics.SQLQueryModelRecognizer.collectIdentifier(SQLQueryModelRecognizer.java:877)
	at org.jkiss.dbeaver.ui.editors.sql.semantics.SQLQueryModelRecognizer.collectQualifiedName(SQLQueryModelRecognizer.java:972)
	at org.jkiss.dbeaver.ui.editors.sql.semantics.SQLQueryModelRecognizer.collectTableName(SQLQueryModelRecognizer.java:953)
	at org.jkiss.dbeaver.ui.editors.sql.semantics.SQLQueryModelRecognizer.traverseForIdentifiers(SQLQueryModelRecognizer.java:468)
	at org.jkiss.dbeaver.ui.editors.sql.semantics.SQLQueryModelRecognizer.recognizeQuery(SQLQueryModelRecognizer.java:678)
	at org.jkiss.dbeaver.ui.editors.sql.semantics.SQLBackgroundParsingJob.doWork(SQLBackgroundParsingJob.java:501)
	at org.jkiss.dbeaver.ui.editors.sql.semantics.SQLBackgroundParsingJob$1.run(SQLBackgroundParsingJob.java:81)
	at org.jkiss.dbeaver.model.runtime.AbstractJob.run(AbstractJob.java:115)
	at org.eclipse.core.internal.jobs.Worker.run(Worker.java:63)
2024-06-05 19:51:10.830 - Error resolving object
org.jkiss.dbeaver.DBException: Table 'ordercart' not found in catalog 'scott'
	at org.jkiss.dbeaver.ext.mysql.model.MySQLStructureAssistant$1.resolveObject(MySQLStructureAssistant.java:149)
	at org.jkiss.dbeaver.ui.editors.sql.dialogs.SuggestionInformationControl$1.run(SuggestionInformationControl.java:130)
	at org.jkiss.dbeaver.model.runtime.AbstractJob.run(AbstractJob.java:115)
	at org.eclipse.core.internal.jobs.Worker.run(Worker.java:63)
2024-06-05 19:51:19.151 - SQL Error [1064] [42000]: You have an error in your SQL syntax; check the manual that corresponds to your MySQL server version for the right syntax to use near ''상품명' VARCHAR(100),
	'가격' INT
)' at line 2
org.jkiss.dbeaver.model.sql.DBSQLException: SQL Error [1064] [42000]: You have an error in your SQL syntax; check the manual that corresponds to your MySQL server version for the right syntax to use near ''상품명' VARCHAR(100),
	'가격' INT
)' at line 2
	at org.jkiss.dbeaver.model.impl.jdbc.exec.JDBCStatementImpl.executeStatement(JDBCStatementImpl.java:133)
	at org.jkiss.dbeaver.ui.editors.sql.execute.SQLQueryJob.executeStatement(SQLQueryJob.java:614)
	at org.jkiss.dbeaver.ui.editors.sql.execute.SQLQueryJob.lambda$2(SQLQueryJob.java:505)
	at org.jkiss.dbeaver.model.exec.DBExecUtils.tryExecuteRecover(DBExecUtils.java:194)
	at org.jkiss.dbeaver.ui.editors.sql.execute.SQLQueryJob.executeSingleQuery(SQLQueryJob.java:524)
	at org.jkiss.dbeaver.ui.editors.sql.execute.SQLQueryJob.extractData(SQLQueryJob.java:976)
	at org.jkiss.dbeaver.ui.editors.sql.SQLEditor$QueryResultsContainer.readData(SQLEditor.java:4155)
	at org.jkiss.dbeaver.ui.controls.resultset.ResultSetJobDataRead.lambda$0(ResultSetJobDataRead.java:123)
	at org.jkiss.dbeaver.model.exec.DBExecUtils.tryExecuteRecover(DBExecUtils.java:194)
	at org.jkiss.dbeaver.ui.controls.resultset.ResultSetJobDataRead.run(ResultSetJobDataRead.java:121)
	at org.jkiss.dbeaver.ui.controls.resultset.ResultSetViewer$ResultSetDataPumpJob.run(ResultSetViewer.java:5152)
	at org.jkiss.dbeaver.model.runtime.AbstractJob.run(AbstractJob.java:115)
	at org.eclipse.core.internal.jobs.Worker.run(Worker.java:63)
Caused by: java.sql.SQLSyntaxErrorException: You have an error in your SQL syntax; check the manual that corresponds to your MySQL server version for the right syntax to use near ''상품명' VARCHAR(100),
	'가격' INT
)' at line 2
	at com.mysql.cj.jdbc.exceptions.SQLError.createSQLException(SQLError.java:121)
	at com.mysql.cj.jdbc.exceptions.SQLExceptionsMapping.translateException(SQLExceptionsMapping.java:122)
	at com.mysql.cj.jdbc.StatementImpl.executeInternal(StatementImpl.java:767)
	at com.mysql.cj.jdbc.StatementImpl.execute(StatementImpl.java:652)
	at org.jkiss.dbeaver.model.impl.jdbc.exec.JDBCStatementImpl.execute(JDBCStatementImpl.java:330)
	at org.jkiss.dbeaver.model.impl.jdbc.exec.JDBCStatementImpl.executeStatement(JDBCStatementImpl.java:131)
	... 12 more
2024-06-05 20:00:32.386 - Execution context opened (localhost 2; SQLEditor <DB_20240507_김희철.sql>; 4)
2024-06-05 20:00:32.863 - Event loop exception
java.lang.NullPointerException: Cannot invoke "org.eclipse.gef.EditPartViewer.getEditPartRegistry()" because the return value of "org.eclipse.gef.editparts.AbstractGraphicalEditPart.getViewer()" is null
	at org.eclipse.gef.editparts.AbstractGraphicalEditPart.getLayer(AbstractGraphicalEditPart.java:483)
	at org.jkiss.dbeaver.erd.ui.part.AssociationPart.setConnectionRouting(AssociationPart.java:153)
	at org.jkiss.dbeaver.erd.ui.part.DiagramPart.resetConnectionConstraints(DiagramPart.java:243)
	at org.jkiss.dbeaver.erd.ui.part.DiagramPart.lambda$1(DiagramPart.java:217)
	at org.eclipse.ui.internal.PendingSyncExec.run(PendingSyncExec.java:68)
	at org.eclipse.ui.internal.UILockListener.doPendingWork(UILockListener.java:172)
	at org.eclipse.swt.widgets.RunnableLock.run(RunnableLock.java:40)
	at org.eclipse.swt.widgets.Synchronizer.runAsyncMessages(Synchronizer.java:132)
	at org.eclipse.swt.widgets.Display.runAsyncMessages(Display.java:4046)
	at org.eclipse.swt.widgets.Display.readAndDispatch(Display.java:3662)
	at org.eclipse.e4.ui.internal.workbench.swt.PartRenderingEngine$5.run(PartRenderingEngine.java:1155)
	at org.eclipse.core.databinding.observable.Realm.runWithDefault(Realm.java:342)
	at org.eclipse.e4.ui.internal.workbench.swt.PartRenderingEngine.run(PartRenderingEngine.java:1046)
	at org.eclipse.e4.ui.internal.workbench.E4Workbench.createAndRunUI(E4Workbench.java:155)
	at org.eclipse.ui.internal.Workbench.lambda$3(Workbench.java:648)
	at org.eclipse.core.databinding.observable.Realm.runWithDefault(Realm.java:342)
	at org.eclipse.ui.internal.Workbench.createAndRunWorkbench(Workbench.java:555)
	at org.eclipse.ui.PlatformUI.createAndRunWorkbench(PlatformUI.java:173)
	at org.jkiss.dbeaver.ui.app.standalone.DBeaverApplication.start(DBeaverApplication.java:295)
	at org.eclipse.equinox.internal.app.EclipseAppHandle.run(EclipseAppHandle.java:208)
	at org.eclipse.core.runtime.internal.adaptor.EclipseAppLauncher.runApplication(EclipseAppLauncher.java:136)
	at org.eclipse.core.runtime.internal.adaptor.EclipseAppLauncher.start(EclipseAppLauncher.java:104)
	at org.eclipse.core.runtime.adaptor.EclipseStarter.run(EclipseStarter.java:402)
	at org.eclipse.core.runtime.adaptor.EclipseStarter.run(EclipseStarter.java:255)
	at java.base/jdk.internal.reflect.NativeMethodAccessorImpl.invoke0(Native Method)
	at java.base/jdk.internal.reflect.NativeMethodAccessorImpl.invoke(Unknown Source)
	at java.base/jdk.internal.reflect.DelegatingMethodAccessorImpl.invoke(Unknown Source)
	at java.base/java.lang.reflect.Method.invoke(Unknown Source)
	at org.jkiss.dbeaver.launcher.DBeaverLauncher.invokeFramework(DBeaverLauncher.java:647)
	at org.jkiss.dbeaver.launcher.DBeaverLauncher.basicRun(DBeaverLauncher.java:607)
	at org.jkiss.dbeaver.launcher.DBeaverLauncher.run(DBeaverLauncher.java:1464)
2024-06-05 20:00:32.865 - Event loop exception
java.lang.NullPointerException: Cannot invoke "org.eclipse.gef.EditPartViewer.getEditPartRegistry()" because the return value of "org.eclipse.gef.editparts.AbstractGraphicalEditPart.getViewer()" is null
	at org.eclipse.gef.editparts.AbstractGraphicalEditPart.getLayer(AbstractGraphicalEditPart.java:483)
	at org.jkiss.dbeaver.erd.ui.part.AssociationPart.setConnectionRouting(AssociationPart.java:153)
	at org.jkiss.dbeaver.erd.ui.part.DiagramPart.resetConnectionConstraints(DiagramPart.java:243)
	at org.jkiss.dbeaver.erd.ui.part.DiagramPart.lambda$1(DiagramPart.java:217)
	at org.eclipse.ui.internal.PendingSyncExec.run(PendingSyncExec.java:68)
	at org.eclipse.ui.internal.UILockListener.doPendingWork(UILockListener.java:172)
	at org.eclipse.swt.widgets.RunnableLock.run(RunnableLock.java:40)
	at org.eclipse.swt.widgets.Synchronizer.runAsyncMessages(Synchronizer.java:132)
	at org.eclipse.swt.widgets.Display.runAsyncMessages(Display.java:4046)
	at org.eclipse.swt.widgets.Display.readAndDispatch(Display.java:3662)
	at org.eclipse.e4.ui.internal.workbench.swt.PartRenderingEngine$5.run(PartRenderingEngine.java:1155)
	at org.eclipse.core.databinding.observable.Realm.runWithDefault(Realm.java:342)
	at org.eclipse.e4.ui.internal.workbench.swt.PartRenderingEngine.run(PartRenderingEngine.java:1046)
	at org.eclipse.e4.ui.internal.workbench.E4Workbench.createAndRunUI(E4Workbench.java:155)
	at org.eclipse.ui.internal.Workbench.lambda$3(Workbench.java:648)
	at org.eclipse.core.databinding.observable.Realm.runWithDefault(Realm.java:342)
	at org.eclipse.ui.internal.Workbench.createAndRunWorkbench(Workbench.java:555)
	at org.eclipse.ui.PlatformUI.createAndRunWorkbench(PlatformUI.java:173)
	at org.jkiss.dbeaver.ui.app.standalone.DBeaverApplication.start(DBeaverApplication.java:295)
	at org.eclipse.equinox.internal.app.EclipseAppHandle.run(EclipseAppHandle.java:208)
	at org.eclipse.core.runtime.internal.adaptor.EclipseAppLauncher.runApplication(EclipseAppLauncher.java:136)
	at org.eclipse.core.runtime.internal.adaptor.EclipseAppLauncher.start(EclipseAppLauncher.java:104)
	at org.eclipse.core.runtime.adaptor.EclipseStarter.run(EclipseStarter.java:402)
	at org.eclipse.core.runtime.adaptor.EclipseStarter.run(EclipseStarter.java:255)
	at java.base/jdk.internal.reflect.NativeMethodAccessorImpl.invoke0(Native Method)
	at java.base/jdk.internal.reflect.NativeMethodAccessorImpl.invoke(Unknown Source)
	at java.base/jdk.internal.reflect.DelegatingMethodAccessorImpl.invoke(Unknown Source)
	at java.base/java.lang.reflect.Method.invoke(Unknown Source)
	at org.jkiss.dbeaver.launcher.DBeaverLauncher.invokeFramework(DBeaverLauncher.java:647)
	at org.jkiss.dbeaver.launcher.DBeaverLauncher.basicRun(DBeaverLauncher.java:607)
	at org.jkiss.dbeaver.launcher.DBeaverLauncher.run(DBeaverLauncher.java:1464)
2024-06-05 20:00:32.866 - Source or target node not found
2024-06-05 20:00:32.867 - Source or target node not found
2024-06-05 20:00:32.867 - Source or target node not found
2024-06-05 20:00:32.868 - Source or target node not found
2024-06-05 20:00:32.868 - Source or target node not found
2024-06-05 20:00:32.868 - Source or target node not found
> Start DBeaver Oracle UI [org.jkiss.dbeaver.ext.oracle.ui 1.0.116.202404211624]
2024-06-05 20:01:25.652 - Resource 'meta.org.jkiss.dbeaver.model.navigator.DBNResource.nodeDisplayName.name' not found in bundle org.jkiss.dbeaver.model
2024-06-05 20:01:26.381 - Connect with 'localhost' (oracle_thin-18f3c210cad-503504f4b1ee1cc3)
2024-06-05 20:01:26.391 - Execution context opened (localhost; Main; 5)
2024-06-05 20:01:26.625 - Execution context opened (localhost; Metadata; 6)
2024-06-05 20:01:26.664 - Connected (oracle_thin-18f3c210cad-503504f4b1ee1cc3, Oracle JDBC driver [11.2.0.2.0])
2024-06-05 20:01:26.702 - Execution context opened (localhost; SQLEditor <DB_202405089_김희철.sql>; 7)
2024-06-05 20:01:37.455 - Resource 'meta.org.jkiss.dbeaver.model.navigator.DBNResource.nodeDisplayName.name' not found in bundle org.jkiss.dbeaver.model
2024-06-05 20:01:37.532 - Resource 'meta.org.jkiss.dbeaver.model.navigator.DBNResource.nodeDisplayName.name' not found in bundle org.jkiss.dbeaver.model
2024-06-05 20:01:38.020 - Execution context opened (localhost; SQLEditor <DB_20240513_김희철.sql>; 8)
2024-06-05 20:01:49.730 - Resource 'meta.org.jkiss.dbeaver.model.navigator.DBNResource.nodeDisplayName.name' not found in bundle org.jkiss.dbeaver.model
2024-06-05 20:01:49.863 - Resource 'meta.org.jkiss.dbeaver.model.navigator.DBNResource.nodeDisplayName.name' not found in bundle org.jkiss.dbeaver.model
2024-06-05 20:02:00.150 - Resource 'meta.org.jkiss.dbeaver.model.navigator.DBNResource.nodeDisplayName.name' not found in bundle org.jkiss.dbeaver.model
2024-06-05 20:02:00.218 - Resource 'meta.org.jkiss.dbeaver.model.navigator.DBNResource.nodeDisplayName.name' not found in bundle org.jkiss.dbeaver.model
2024-06-05 20:02:00.754 - Execution context opened (localhost; SQLEditor <Script-8.sql>; 9)
2024-06-05 20:12:13.975 - Resource 'meta.org.jkiss.dbeaver.model.navigator.DBNResource.nodeDisplayName.name' not found in bundle org.jkiss.dbeaver.model
2024-06-05 20:12:14.070 - Resource 'meta.org.jkiss.dbeaver.model.navigator.DBNResource.nodeDisplayName.name' not found in bundle org.jkiss.dbeaver.model
2024-06-05 20:52:33.497 - End idle 3 transactions for mysql8-18f3c45f4ce-7b783b169c9c510b
2024-06-06 00:22:25.798 - Execution context closed (localhost, 5)
2024-06-06 00:22:25.814 - Execution context closed (localhost, 6)
2024-06-06 00:22:25.825 - Execution context closed (localhost, 7)
2024-06-06 00:22:25.835 - Execution context closed (localhost, 8)
2024-06-06 00:22:25.846 - Execution context closed (localhost, 9)
2024-06-06 00:22:25.846 - Disconnected (oracle_thin-18f3c210cad-503504f4b1ee1cc3)
2024-06-06 00:22:25.849 - Execution context closed (localhost 2, 0)
2024-06-06 00:22:25.861 - Execution context closed (localhost 2, 1)
2024-06-06 00:22:25.872 - Execution context closed (localhost 2, 2)
2024-06-06 00:22:25.884 - Execution context closed (localhost 2, 3)
2024-06-06 00:22:25.894 - Execution context closed (localhost 2, 4)
2024-06-06 00:22:25.894 - Disconnected (mysql8-18f3c45f4ce-7b783b169c9c510b)
2024-06-06 12:31:04.528 - DBeaver is stopping
2024-06-06 12:31:04.529 - Stop instance server
2024-06-06 12:31:05.540 - DBeaver shutdown completed
