2024-06-04 02:42:48.833 - DBeaver 24.0.3.202404211624 is starting
2024-06-04 02:42:48.834 - OS: Windows 11 10.0 (amd64)
2024-06-04 02:42:48.834 - Java version: 17.0.6 by Eclipse Adoptium (64bit)
2024-06-04 02:42:48.834 - Install path: 'C:\Users\PC\AppData\Local\DBeaver'
2024-06-04 02:42:48.834 - Instance path: 'file:/C:/workspace/multi/03_db/'
2024-06-04 02:42:48.835 - Memory available 64Mb/1024Mb
2024-06-04 02:42:48.842 - Create display
2024-06-04 02:42:48.925 - Initialize desktop platform...
2024-06-04 02:42:49.035 - BounceCastle bundle found. Use JCE provider BC
> Start Core File Systems [org.eclipse.core.filesystem 1.10.200.v20231102-0934]
> Start Core Resource Management [org.eclipse.core.resources 3.20.0.v20231102-0934]
> Start 팀 지원 핵심 [org.eclipse.team.core 3.10.200.v20231106-1240]
> Start DBeaver UI Navigator [org.jkiss.dbeaver.ui.navigator 1.0.129.202404211624]
2024-06-04 02:42:49.245 - Initialize base platform...
2024-06-04 02:42:49.271 - Platform initialized (346ms)
> Start DBeaver UI Editors - Base [org.jkiss.dbeaver.ui.editors.base 1.0.129.202404211624]
2024-06-04 02:42:49.349 - Starting instance server at http://localhost:52776
2024-06-04 02:42:49.364 - Run workbench
> Start Eclipse e4 작업영역 SWT [org.eclipse.e4.ui.workbench.swt 0.17.200.v20231030-2045]
> Start Eclipse Application Services [org.eclipse.e4.core.services 2.4.200.v20231103-2012]
> Start Eclipse UI Application Services [org.eclipse.e4.ui.services 1.6.200.v20231030-2045]
> Start Eclipse e4 Progress View [org.eclipse.e4.ui.progress 0.4.200.v20231030-2045]
> Start Eclipse Bindings Support [org.eclipse.e4.ui.bindings 0.14.200.v20231030-2045]
> Start Eclipse e4 core commands [org.eclipse.e4.core.commands 1.1.200.v20231108-1058]
> Start EMF XML/XMI Persistence [org.eclipse.emf.ecore.xmi 2.36.0.v20231002-1156]
> Start Eclipse CSS SWT Theme Support [org.eclipse.e4.ui.css.swt.theme 0.14.200.v20230913-1724]
> Start Eclipse e4 작업영역 기능 추가 [org.eclipse.e4.ui.workbench.addons.swt 1.5.200.v20231106-1600]
> Start Eclipse e4 작업영역 SWT 렌더러 [org.eclipse.e4.ui.workbench.renderers.swt 0.16.200.v20231030-2045]
> Start Eclipse Dependency Injection Extensions [org.eclipse.e4.core.di.extensions 0.18.100.v20231103-2012]
> Start Eclipse CSS SWT Support [org.eclipse.e4.ui.css.swt 0.15.200.v20231025-0632]
2024-06-04 02:42:56.043 - Configure workbench window
> Start DBeaver SQL Model [org.jkiss.dbeaver.model.sql 1.0.119.202404211624]
2024-06-04 02:42:56.165 - Total database drivers: 112 (112)
> Start 도움말 시스템 코어 [org.eclipse.help 3.10.200.v20231106-1240]
2024-06-04 02:42:56.270 - Create actions
2024-06-04 02:42:56.274 - Disable Eclipse action set 'org.eclipse.ui.edit.text.actionSet.annotationNavigation'
2024-06-04 02:42:56.274 - Disable Eclipse action set 'org.eclipse.ui.WorkingSetActionSet'
2024-06-04 02:42:56.274 - Disable Eclipse action set 'org.eclipse.ui.actionSet.openFiles'
2024-06-04 02:42:56.274 - Create workbench actions
> Start jna [com.sun.jna 5.13.0.v20230812-1000]
2024-06-04 02:42:57.165 - Initialize workbench window
2024-06-04 02:42:57.170 - Finish initialization
> Start 기본 문서 편집기 [org.eclipse.ui.editors 3.17.100.v20231106-1600]
> Start 텍스트 편집기 프레임워크 [org.eclipse.ui.workbench.texteditor 3.17.200.v20231106-1600]
> Start DBeaver UI Editors - Data [org.jkiss.dbeaver.ui.editors.data 1.0.129.202404211624]
> Start 인터넷 연결 관리 사용자 인터페이스 [org.eclipse.ui.net 1.5.200.v20231106-1240]
> Start Internet Connection Management [org.eclipse.core.net 1.5.200.v20231106-1240]
Warning: NLS unused message: actions_navigator__objects in: org.jkiss.dbeaver.ui.editors.sql.internal.SQLEditorMessages
> Start DBeaver UI Editors - SQL [org.jkiss.dbeaver.ui.editors.sql 1.0.129.202404211624]
> Start DBeaver Sample Database [org.jkiss.dbeaver.ext.sample.database 1.0.166.202404211624]
> Start DBeaver Tip of the day [org.jkiss.dbeaver.ext.ui.tipoftheday 1.0.135.202404211624]
> Start GEF Classic Draw2d [org.eclipse.draw2d 3.14.100.202311222042]
> Start GEF Classic GEF (MVC) [org.eclipse.gef 3.16.0.202311222042]
> Start DBeaver ERD UI [org.jkiss.dbeaver.erd.ui 3.0.89.202404211624]
> Start DBeaver ERD Model [org.jkiss.dbeaver.erd.model 1.0.89.202404211624]
> Start DBeaver Dashboard UI [org.jkiss.dbeaver.ui.dashboard 1.0.126.202404211624]
> Start DBeaver Dashboards Model [org.jkiss.dbeaver.model.dashboard 1.0.2.202404211624]
> Start DBeaver JDBC Model [org.jkiss.dbeaver.model.jdbc 1.0.22.202404211624]
> Start DBeaver Oracle Model [org.jkiss.dbeaver.ext.oracle 2.1.214.202404211624]
2024-06-04 02:42:58.413 - Connect with 'localhost 2' (mysql8-18f3c45f4ce-7b783b169c9c510b)
> Start DBeaver MySQL Support [org.jkiss.dbeaver.ext.mysql 2.1.214.202404211624]
2024-06-04 02:42:58.445 - Execution context opened (localhost 2; Main; 0)
> Start DBeaver GIS Support [org.jkiss.dbeaver.data.gis 1.0.153.202404211624]
2024-06-04 02:42:58.608 - Execution context opened (localhost 2; Metadata; 1)
2024-06-04 02:42:58.659 - Connected (mysql8-18f3c45f4ce-7b783b169c9c510b, MySQL Connector/J [mysql-connector-j-8.2.0 (Revision: 06a1f724497fd81c6a659131fda822c9e5085b6c)])
2024-06-04 02:43:01.023 - Open [https://dbeaver.io/product/version.xml]
2024-06-04 03:13:29.647 - End idle 1 transactions for mysql8-18f3c45f4ce-7b783b169c9c510b
2024-06-04 06:43:18.551 - Execution context closed (localhost 2, 0)
2024-06-04 06:43:18.563 - Execution context closed (localhost 2, 1)
2024-06-04 06:43:18.563 - Disconnected (mysql8-18f3c45f4ce-7b783b169c9c510b)
2024-06-04 08:15:22.507 - System suspend detected! Reinitialize all remote connections.
2024-06-04 14:01:40.073 - Connect with 'localhost 2' (mysql8-18f3c45f4ce-7b783b169c9c510b)
2024-06-04 14:01:40.080 - Execution context opened (localhost 2; Main; 2)
2024-06-04 14:01:40.104 - Execution context opened (localhost 2; Metadata; 3)
2024-06-04 14:01:40.127 - Connected (mysql8-18f3c45f4ce-7b783b169c9c510b, MySQL Connector/J [mysql-connector-j-8.2.0 (Revision: 06a1f724497fd81c6a659131fda822c9e5085b6c)])
> Start DBeaver SQL Terminal [org.jkiss.dbeaver.ui.editors.sql.terminal 1.0.105.202404211624]
> Start 핵심 비교 지원 [org.eclipse.compare.core 3.8.300.v20231106-1240]
> Start 콘솔 [org.eclipse.ui.console 3.13.100.v20230914-0751]
> Start 디버그 핵심 [org.eclipse.debug.core 3.21.200.v20231021-1513]
2024-06-04 14:02:01.876 - Execution context opened (localhost 2; SQLEditor <jsp_mysql_scott.sql>; 4)
> Start DBeaver Tasks - Native Tools UI [org.jkiss.dbeaver.tasks.native.ui 1.0.107.202404211624]
> Start DBeaver MySQL UI Support [org.jkiss.dbeaver.ext.mysql.ui 1.0.121.202404211624]
> Start DBeaver Tasks - General UI [org.jkiss.dbeaver.tasks.ui 1.0.107.202404211624]
> Start DBeaver SQL Language Semantic Model [org.jkiss.dbeaver.model.lsm 1.0.24.202404211624]
> Start DBeaver Data Transfer [org.jkiss.dbeaver.data.transfer 2.0.113.202404211624]
2024-06-04 15:28:54.707 - End idle 1 transactions for mysql8-18f3c45f4ce-7b783b169c9c510b
> Start DBeaver UI Editors - Connections [org.jkiss.dbeaver.ui.editors.connection 1.0.120.202404211624]
2024-06-04 17:11:20.997 - Connect with 'localhost' (oracle_thin-18f3c210cad-503504f4b1ee1cc3)
2024-06-04 17:11:21.009 - Execution context opened (localhost; Main; 5)
2024-06-04 17:11:21.314 - Execution context opened (localhost; Metadata; 6)
2024-06-04 17:11:21.364 - Connected (oracle_thin-18f3c210cad-503504f4b1ee1cc3, Oracle JDBC driver [11.2.0.2.0])
2024-06-04 17:33:18.256 - Execution context opened (localhost 2; SQLEditor <day05_mysql_scott.sql>; 7)
2024-06-04 17:33:20.431 - Execution context opened (localhost 2; SQLEditor <day02_mysql.sql>; 8)
> Start DBeaver Oracle UI [org.jkiss.dbeaver.ext.oracle.ui 1.0.116.202404211624]
2024-06-04 17:33:33.091 - Execution context opened (localhost; SQLEditor <DB_202405089_김희철.sql>; 9)
2024-06-04 17:33:38.176 - Execution context opened (localhost; SQLEditor <DB_20240513_김희철.sql>; 10)
2024-06-04 17:33:47.485 - Execution context opened (localhost 2; SQLEditor <DB_20240507_김희철.sql>; 11)
2024-06-04 17:33:54.809 - Execution context opened (localhost; SQLEditor <day06_oracle_scott.sql>; 12)
2024-06-04 17:34:01.953 - Error while analyzing query text: --ANSI 표준구문
-- 연결에 사용할 컬럼명이 같은경우에 USING(컬럼명)을 사용함

SELECT EMPNO, ENAME, JOB, DEPTNO, LOC
FROM EMP
JOIN DEPT USING (DEPTNO)
java.lang.UnsupportedOperationException: Symbol already classified
	at org.jkiss.dbeaver.ui.editors.sql.semantics.SQLQuerySymbol.setSymbolClass(SQLQuerySymbol.java:49)
	at org.jkiss.dbeaver.ui.editors.sql.semantics.SQLQuerySymbol.setDefinition(SQLQuerySymbol.java:70)
	at org.jkiss.dbeaver.ui.editors.sql.semantics.model.SQLQueryRowsNaturalJoinModel.propagateContextImpl(SQLQueryRowsNaturalJoinModel.java:82)
	at org.jkiss.dbeaver.ui.editors.sql.semantics.model.SQLQueryRowsSourceModel.propagateContext(SQLQueryRowsSourceModel.java:64)
	at org.jkiss.dbeaver.ui.editors.sql.semantics.model.SQLQueryRowsProjectionModel.propagateContextImpl(SQLQueryRowsProjectionModel.java:106)
	at org.jkiss.dbeaver.ui.editors.sql.semantics.model.SQLQueryRowsSourceModel.propagateContext(SQLQueryRowsSourceModel.java:64)
	at org.jkiss.dbeaver.ui.editors.sql.semantics.model.SQLQueryRowsSourceModel.applyContext(SQLQueryRowsSourceModel.java:55)
	at org.jkiss.dbeaver.ui.editors.sql.semantics.model.SQLQueryModel.propagateContext(SQLQueryModel.java:69)
	at org.jkiss.dbeaver.ui.editors.sql.semantics.SQLQueryModelRecognizer.recognizeQuery(SQLQueryModelRecognizer.java:651)
	at org.jkiss.dbeaver.ui.editors.sql.semantics.SQLBackgroundParsingJob.doWork(SQLBackgroundParsingJob.java:501)
	at org.jkiss.dbeaver.ui.editors.sql.semantics.SQLBackgroundParsingJob$1.run(SQLBackgroundParsingJob.java:81)
	at org.jkiss.dbeaver.model.runtime.AbstractJob.run(AbstractJob.java:115)
	at org.eclipse.core.internal.jobs.Worker.run(Worker.java:63)
2024-06-04 17:34:11.341 - Execution context opened (localhost; SQLEditor <day02_oracle_scott.sql>; 13)
2024-06-04 17:34:19.403 - Execution context opened (localhost; SQLEditor <day07_oracle_scott.sql>; 14)
2024-06-04 17:34:22.325 - Execution context opened (localhost; SQLEditor <day07_oracle_hr.sql>; 15)
2024-06-04 17:34:37.920 - Execution context opened (localhost; SQLEditor <Script-10.sql>; 16)
2024-06-04 17:34:38.945 - Execution context opened (localhost 2; SQLEditor <Script-11.sql>; 17)
2024-06-04 21:34:44.316 - Execution context closed (localhost, 5)
2024-06-04 21:34:44.321 - Execution context closed (localhost 2, 2)
2024-06-04 21:34:44.332 - Execution context closed (localhost 2, 3)
2024-06-04 21:34:44.340 - Execution context closed (localhost, 6)
2024-06-04 21:34:44.342 - Execution context closed (localhost 2, 4)
2024-06-04 21:34:44.351 - Execution context closed (localhost, 9)
2024-06-04 21:34:44.353 - Execution context closed (localhost 2, 7)
2024-06-04 21:34:44.365 - Execution context closed (localhost 2, 8)
2024-06-04 21:34:44.365 - Execution context closed (localhost, 10)
2024-06-04 21:34:44.375 - Execution context closed (localhost, 12)
2024-06-04 21:34:44.375 - Execution context closed (localhost 2, 11)
2024-06-04 21:34:44.386 - Execution context closed (localhost, 13)
2024-06-04 21:34:44.386 - Execution context closed (localhost 2, 17)
2024-06-04 21:34:44.386 - Disconnected (mysql8-18f3c45f4ce-7b783b169c9c510b)
2024-06-04 21:34:44.396 - Execution context closed (localhost, 14)
2024-06-04 21:34:44.409 - Execution context closed (localhost, 15)
2024-06-04 21:34:44.419 - Execution context closed (localhost, 16)
2024-06-04 21:34:44.419 - Disconnected (oracle_thin-18f3c210cad-503504f4b1ee1cc3)
2024-06-05 09:03:24.888 - Connect with 'localhost 2' (mysql8-18f3c45f4ce-7b783b169c9c510b)
2024-06-05 09:03:24.891 - Execution context opened (localhost 2; Main; 18)
2024-06-05 09:03:24.905 - Execution context opened (localhost 2; Metadata; 19)
2024-06-05 09:03:24.927 - Connected (mysql8-18f3c45f4ce-7b783b169c9c510b, MySQL Connector/J [mysql-connector-j-8.2.0 (Revision: 06a1f724497fd81c6a659131fda822c9e5085b6c)])
2024-06-05 09:03:24.957 - Execution context opened (localhost 2; SQLEditor <jsp_mysql_scott.sql>; 20)
2024-06-05 09:03:24.958 - Execution context opened (localhost 2; SQLEditor <day05_mysql_scott.sql>; 21)
2024-06-05 09:03:24.958 - Execution context opened (localhost 2; SQLEditor <day02_mysql.sql>; 22)
2024-06-05 09:03:24.958 - Execution context opened (localhost 2; SQLEditor <DB_20240507_김희철.sql>; 23)
2024-06-05 09:03:24.959 - Execution context opened (localhost 2; SQLEditor <Script-11.sql>; 24)
> Start ICU4J Base [com.ibm.icu.base 58.2.0.v20170418-1837]
2024-06-05 10:16:17.377 - End idle 1 transactions for mysql8-18f3c45f4ce-7b783b169c9c510b
2024-06-05 13:46:10.121 - Execution context closed (localhost 2, 18)
2024-06-05 13:46:10.136 - Execution context closed (localhost 2, 19)
2024-06-05 13:46:10.152 - Execution context closed (localhost 2, 20)
2024-06-05 13:46:10.168 - Execution context closed (localhost 2, 21)
2024-06-05 13:46:10.183 - Execution context closed (localhost 2, 24)
2024-06-05 13:46:10.198 - Execution context closed (localhost 2, 23)
2024-06-05 13:46:10.213 - Execution context closed (localhost 2, 22)
2024-06-05 13:46:10.213 - Disconnected (mysql8-18f3c45f4ce-7b783b169c9c510b)
2024-06-05 15:06:34.324 - Connect with 'localhost 2' (mysql8-18f3c45f4ce-7b783b169c9c510b)
2024-06-05 15:06:34.327 - Execution context opened (localhost 2; Main; 25)
2024-06-05 15:06:34.342 - Execution context opened (localhost 2; Metadata; 26)
2024-06-05 15:06:34.368 - Connected (mysql8-18f3c45f4ce-7b783b169c9c510b, MySQL Connector/J [mysql-connector-j-8.2.0 (Revision: 06a1f724497fd81c6a659131fda822c9e5085b6c)])
2024-06-05 15:06:34.393 - Execution context opened (localhost 2; SQLEditor <jsp_mysql_scott.sql>; 27)
2024-06-05 15:06:34.394 - Execution context opened (localhost 2; SQLEditor <day05_mysql_scott.sql>; 28)
2024-06-05 15:06:34.394 - Execution context opened (localhost 2; SQLEditor <day02_mysql.sql>; 29)
2024-06-05 15:06:34.394 - Execution context opened (localhost 2; SQLEditor <DB_20240507_김희철.sql>; 30)
2024-06-05 15:06:34.394 - Execution context opened (localhost 2; SQLEditor <Script-11.sql>; 31)
2024-06-05 15:06:35.714 - Event loop exception
org.eclipse.swt.SWTException: Widget is disposed
	at org.eclipse.swt.SWT.error(SWT.java:4918)
	at org.eclipse.swt.SWT.error(SWT.java:4833)
	at org.eclipse.swt.SWT.error(SWT.java:4804)
	at org.eclipse.swt.widgets.Widget.error(Widget.java:450)
	at org.eclipse.swt.widgets.Widget.checkWidget(Widget.java:369)
	at org.eclipse.swt.widgets.ToolItem.setEnabled(ToolItem.java:739)
	at org.jkiss.dbeaver.ui.controls.autorefresh.AutoRefreshControl.enableControls(AutoRefreshControl.java:105)
	at org.jkiss.dbeaver.ui.controls.resultset.ResultSetViewer$ResultSetDataPumpJob.lambda$0(ResultSetViewer.java:5180)
	at org.eclipse.swt.widgets.RunnableLock.run(RunnableLock.java:40)
	at org.eclipse.swt.widgets.Synchronizer.runAsyncMessages(Synchronizer.java:132)
	at org.eclipse.swt.widgets.Display.runAsyncMessages(Display.java:4046)
	at org.eclipse.swt.widgets.Display.readAndDispatch(Display.java:3662)
	at org.eclipse.e4.ui.internal.workbench.swt.PartRenderingEngine$5.run(PartRenderingEngine.java:1155)
	at org.eclipse.core.databinding.observable.Realm.runWithDefault(Realm.java:342)
	at org.eclipse.e4.ui.internal.workbench.swt.PartRenderingEngine.run(PartRenderingEngine.java:1046)
	at org.eclipse.e4.ui.internal.workbench.E4Workbench.createAndRunUI(E4Workbench.java:155)
	at org.eclipse.ui.internal.Workbench.lambda$3(Workbench.java:648)
	at org.eclipse.core.databinding.observable.Realm.runWithDefault(Realm.java:342)
	at org.eclipse.ui.internal.Workbench.createAndRunWorkbench(Workbench.java:555)
	at org.eclipse.ui.PlatformUI.createAndRunWorkbench(PlatformUI.java:173)
	at org.jkiss.dbeaver.ui.app.standalone.DBeaverApplication.start(DBeaverApplication.java:295)
	at org.eclipse.equinox.internal.app.EclipseAppHandle.run(EclipseAppHandle.java:208)
	at org.eclipse.core.runtime.internal.adaptor.EclipseAppLauncher.runApplication(EclipseAppLauncher.java:136)
	at org.eclipse.core.runtime.internal.adaptor.EclipseAppLauncher.start(EclipseAppLauncher.java:104)
	at org.eclipse.core.runtime.adaptor.EclipseStarter.run(EclipseStarter.java:402)
	at org.eclipse.core.runtime.adaptor.EclipseStarter.run(EclipseStarter.java:255)
	at java.base/jdk.internal.reflect.NativeMethodAccessorImpl.invoke0(Native Method)
	at java.base/jdk.internal.reflect.NativeMethodAccessorImpl.invoke(Unknown Source)
	at java.base/jdk.internal.reflect.DelegatingMethodAccessorImpl.invoke(Unknown Source)
	at java.base/java.lang.reflect.Method.invoke(Unknown Source)
	at org.jkiss.dbeaver.launcher.DBeaverLauncher.invokeFramework(DBeaverLauncher.java:647)
	at org.jkiss.dbeaver.launcher.DBeaverLauncher.basicRun(DBeaverLauncher.java:607)
	at org.jkiss.dbeaver.launcher.DBeaverLauncher.run(DBeaverLauncher.java:1464)
2024-06-05 15:06:50.187 - Execution context opened (localhost 2; SQLEditor <Script-13.sql>; 32)
2024-06-05 15:09:39.055 - Error while analyzing query text: DROP TABLE 

CREATE TABLE bbs2 (
    bbsId INT AUTO_INCREMENT PRIMARY KEY,
    title VARCHAR(255) NOT NULL,
    content TEXT NOT NULL,
    writer VARCHAR(100) NOT NULL,
    fileName VARCHAR(255),
    FOREIGN KEY (writer) REFERENCES member(id)
)
java.lang.UnsupportedOperationException: identifier expected while facing with error
	at org.jkiss.dbeaver.ui.editors.sql.semantics.SQLQueryModelRecognizer.collectIdentifier(SQLQueryModelRecognizer.java:877)
	at org.jkiss.dbeaver.ui.editors.sql.semantics.SQLQueryModelRecognizer.collectQualifiedName(SQLQueryModelRecognizer.java:972)
	at org.jkiss.dbeaver.ui.editors.sql.semantics.SQLQueryModelRecognizer.collectTableName(SQLQueryModelRecognizer.java:953)
	at org.jkiss.dbeaver.ui.editors.sql.semantics.SQLQueryModelRecognizer.traverseForIdentifiers(SQLQueryModelRecognizer.java:468)
	at org.jkiss.dbeaver.ui.editors.sql.semantics.SQLQueryModelRecognizer.recognizeQuery(SQLQueryModelRecognizer.java:678)
	at org.jkiss.dbeaver.ui.editors.sql.semantics.SQLBackgroundParsingJob.doWork(SQLBackgroundParsingJob.java:501)
	at org.jkiss.dbeaver.ui.editors.sql.semantics.SQLBackgroundParsingJob$1.run(SQLBackgroundParsingJob.java:81)
	at org.jkiss.dbeaver.model.runtime.AbstractJob.run(AbstractJob.java:115)
	at org.eclipse.core.internal.jobs.Worker.run(Worker.java:63)
2024-06-05 15:09:44.583 - SQL Error [1051] [42S02]: Unknown table 'scott.bbs2'
org.jkiss.dbeaver.model.sql.DBSQLException: SQL Error [1051] [42S02]: Unknown table 'scott.bbs2'
	at org.jkiss.dbeaver.model.impl.jdbc.exec.JDBCStatementImpl.executeStatement(JDBCStatementImpl.java:133)
	at org.jkiss.dbeaver.ui.editors.sql.execute.SQLQueryJob.executeStatement(SQLQueryJob.java:614)
	at org.jkiss.dbeaver.ui.editors.sql.execute.SQLQueryJob.lambda$2(SQLQueryJob.java:505)
	at org.jkiss.dbeaver.model.exec.DBExecUtils.tryExecuteRecover(DBExecUtils.java:194)
	at org.jkiss.dbeaver.ui.editors.sql.execute.SQLQueryJob.executeSingleQuery(SQLQueryJob.java:524)
	at org.jkiss.dbeaver.ui.editors.sql.execute.SQLQueryJob.extractData(SQLQueryJob.java:976)
	at org.jkiss.dbeaver.ui.editors.sql.SQLEditor$QueryResultsContainer.readData(SQLEditor.java:4155)
	at org.jkiss.dbeaver.ui.controls.resultset.ResultSetJobDataRead.lambda$0(ResultSetJobDataRead.java:123)
	at org.jkiss.dbeaver.model.exec.DBExecUtils.tryExecuteRecover(DBExecUtils.java:194)
	at org.jkiss.dbeaver.ui.controls.resultset.ResultSetJobDataRead.run(ResultSetJobDataRead.java:121)
	at org.jkiss.dbeaver.ui.controls.resultset.ResultSetViewer$ResultSetDataPumpJob.run(ResultSetViewer.java:5152)
	at org.jkiss.dbeaver.model.runtime.AbstractJob.run(AbstractJob.java:115)
	at org.eclipse.core.internal.jobs.Worker.run(Worker.java:63)
Caused by: java.sql.SQLSyntaxErrorException: Unknown table 'scott.bbs2'
	at com.mysql.cj.jdbc.exceptions.SQLError.createSQLException(SQLError.java:121)
	at com.mysql.cj.jdbc.exceptions.SQLExceptionsMapping.translateException(SQLExceptionsMapping.java:122)
	at com.mysql.cj.jdbc.StatementImpl.executeInternal(StatementImpl.java:767)
	at com.mysql.cj.jdbc.StatementImpl.execute(StatementImpl.java:652)
	at org.jkiss.dbeaver.model.impl.jdbc.exec.JDBCStatementImpl.execute(JDBCStatementImpl.java:330)
	at org.jkiss.dbeaver.model.impl.jdbc.exec.JDBCStatementImpl.executeStatement(JDBCStatementImpl.java:131)
	... 12 more
2024-06-05 15:10:05.199 - SQL Error: Statement cancelled due to client request
org.jkiss.dbeaver.model.sql.DBSQLException: SQL Error: Statement cancelled due to client request
	at org.jkiss.dbeaver.model.impl.jdbc.exec.JDBCStatementImpl.executeStatement(JDBCStatementImpl.java:133)
	at org.jkiss.dbeaver.ui.editors.sql.execute.SQLQueryJob.executeStatement(SQLQueryJob.java:614)
	at org.jkiss.dbeaver.ui.editors.sql.execute.SQLQueryJob.lambda$2(SQLQueryJob.java:505)
	at org.jkiss.dbeaver.model.exec.DBExecUtils.tryExecuteRecover(DBExecUtils.java:194)
	at org.jkiss.dbeaver.ui.editors.sql.execute.SQLQueryJob.executeSingleQuery(SQLQueryJob.java:524)
	at org.jkiss.dbeaver.ui.editors.sql.execute.SQLQueryJob.extractData(SQLQueryJob.java:976)
	at org.jkiss.dbeaver.ui.editors.sql.SQLEditor$QueryResultsContainer.readData(SQLEditor.java:4155)
	at org.jkiss.dbeaver.ui.controls.resultset.ResultSetJobDataRead.lambda$0(ResultSetJobDataRead.java:123)
	at org.jkiss.dbeaver.model.exec.DBExecUtils.tryExecuteRecover(DBExecUtils.java:194)
	at org.jkiss.dbeaver.ui.controls.resultset.ResultSetJobDataRead.run(ResultSetJobDataRead.java:121)
	at org.jkiss.dbeaver.ui.controls.resultset.ResultSetViewer$ResultSetDataPumpJob.run(ResultSetViewer.java:5152)
	at org.jkiss.dbeaver.model.runtime.AbstractJob.run(AbstractJob.java:115)
	at org.eclipse.core.internal.jobs.Worker.run(Worker.java:63)
Caused by: com.mysql.cj.jdbc.exceptions.MySQLStatementCancelledException: Statement cancelled due to client request
	at com.mysql.cj.jdbc.exceptions.SQLExceptionsMapping.translateException(SQLExceptionsMapping.java:110)
	at com.mysql.cj.jdbc.StatementImpl.checkCancelTimeout(StatementImpl.java:2160)
	at com.mysql.cj.protocol.a.NativeProtocol.sendQueryPacket(NativeProtocol.java:1132)
	at com.mysql.cj.protocol.a.NativeProtocol.sendQueryString(NativeProtocol.java:997)
	at com.mysql.cj.NativeSession.execSQL(NativeSession.java:658)
	at com.mysql.cj.jdbc.StatementImpl.executeInternal(StatementImpl.java:727)
	at com.mysql.cj.jdbc.StatementImpl.execute(StatementImpl.java:652)
	at org.jkiss.dbeaver.model.impl.jdbc.exec.JDBCStatementImpl.execute(JDBCStatementImpl.java:330)
	at org.jkiss.dbeaver.model.impl.jdbc.exec.JDBCStatementImpl.executeStatement(JDBCStatementImpl.java:131)
	... 12 more
2024-06-05 15:10:11.289 - Execution context closed (localhost 2, 27)
2024-06-05 15:10:11.403 - Execution context closed (localhost 2, 28)
2024-06-05 15:10:11.450 - Execution context closed (localhost 2, 29)
2024-06-05 15:10:11.605 - Execution context closed (localhost 2, 30)
2024-06-05 15:10:11.802 - Execution context closed (localhost 2, 31)
2024-06-05 15:10:11.877 - Execution context closed (localhost 2, 32)
2024-06-05 15:10:12.058 - DBeaver is stopping
2024-06-05 15:10:12.058 - Stop instance server
2024-06-05 15:10:13.070 - Instance server has been stopped
2024-06-05 15:10:13.070 - DBeaver shutdown completed
