2024-05-03 11:25:53.851 - DBeaver 24.0.3.202404211624 is starting
2024-05-03 11:25:53.852 - OS: Windows 11 10.0 (amd64)
2024-05-03 11:25:53.852 - Java version: 17.0.6 by Eclipse Adoptium (64bit)
2024-05-03 11:25:53.852 - Install path: 'C:\Users\PC\AppData\Local\DBeaver'
2024-05-03 11:25:53.852 - Instance path: 'file:/C:/workspace/multi/03_db/'
2024-05-03 11:25:53.853 - Memory available 64Mb/1024Mb
2024-05-03 11:25:53.860 - Create display
2024-05-03 11:25:53.929 - Initialize desktop platform...
2024-05-03 11:25:54.015 - BounceCastle bundle found. Use JCE provider BC
> Start Core File Systems [org.eclipse.core.filesystem 1.10.200.v20231102-0934]
> Start Core Resource Management [org.eclipse.core.resources 3.20.0.v20231102-0934]
> Start 팀 지원 핵심 [org.eclipse.team.core 3.10.200.v20231106-1240]
> Start DBeaver UI Navigator [org.jkiss.dbeaver.ui.navigator 1.0.129.202404211624]
2024-05-03 11:25:54.144 - Initialize base platform...
2024-05-03 11:25:54.164 - Platform initialized (235ms)
> Start DBeaver UI Editors - Base [org.jkiss.dbeaver.ui.editors.base 1.0.129.202404211624]
2024-05-03 11:25:54.221 - Starting instance server at http://localhost:55343
2024-05-03 11:25:54.226 - Run workbench
> Start Eclipse e4 작업영역 SWT [org.eclipse.e4.ui.workbench.swt 0.17.200.v20231030-2045]
> Start Eclipse Application Services [org.eclipse.e4.core.services 2.4.200.v20231103-2012]
> Start Eclipse UI Application Services [org.eclipse.e4.ui.services 1.6.200.v20231030-2045]
> Start Eclipse e4 Progress View [org.eclipse.e4.ui.progress 0.4.200.v20231030-2045]
> Start Eclipse Bindings Support [org.eclipse.e4.ui.bindings 0.14.200.v20231030-2045]
> Start Eclipse e4 core commands [org.eclipse.e4.core.commands 1.1.200.v20231108-1058]
> Start EMF XML/XMI Persistence [org.eclipse.emf.ecore.xmi 2.36.0.v20231002-1156]
> Start Eclipse CSS SWT Theme Support [org.eclipse.e4.ui.css.swt.theme 0.14.200.v20230913-1724]
> Start Eclipse e4 작업영역 기능 추가 [org.eclipse.e4.ui.workbench.addons.swt 1.5.200.v20231106-1600]
> Start Eclipse e4 작업영역 SWT 렌더러 [org.eclipse.e4.ui.workbench.renderers.swt 0.16.200.v20231030-2045]
> Start Eclipse Dependency Injection Extensions [org.eclipse.e4.core.di.extensions 0.18.100.v20231103-2012]
> Start Eclipse CSS SWT Support [org.eclipse.e4.ui.css.swt 0.15.200.v20231025-0632]
2024-05-03 11:25:55.188 - Configure workbench window
> Start DBeaver SQL Model [org.jkiss.dbeaver.model.sql 1.0.119.202404211624]
2024-05-03 11:25:55.272 - Total database drivers: 112 (112)
> Start 도움말 시스템 코어 [org.eclipse.help 3.10.200.v20231106-1240]
2024-05-03 11:25:55.320 - Create actions
2024-05-03 11:25:55.324 - Disable Eclipse action set 'org.eclipse.ui.edit.text.actionSet.annotationNavigation'
2024-05-03 11:25:55.324 - Disable Eclipse action set 'org.eclipse.ui.WorkingSetActionSet'
2024-05-03 11:25:55.324 - Disable Eclipse action set 'org.eclipse.ui.actionSet.openFiles'
2024-05-03 11:25:55.324 - Create workbench actions
> Start jna [com.sun.jna 5.13.0.v20230812-1000]
2024-05-03 11:25:55.734 - Initialize workbench window
2024-05-03 11:25:55.738 - Finish initialization
> Start DBeaver UI Editors - Data [org.jkiss.dbeaver.ui.editors.data 1.0.129.202404211624]
> Start 인터넷 연결 관리 사용자 인터페이스 [org.eclipse.ui.net 1.5.200.v20231106-1240]
> Start Internet Connection Management [org.eclipse.core.net 1.5.200.v20231106-1240]
Warning: NLS unused message: actions_navigator__objects in: org.jkiss.dbeaver.ui.editors.sql.internal.SQLEditorMessages
> Start DBeaver UI Editors - SQL [org.jkiss.dbeaver.ui.editors.sql 1.0.129.202404211624]
> Start DBeaver Sample Database [org.jkiss.dbeaver.ext.sample.database 1.0.166.202404211624]
> Start DBeaver Tip of the day [org.jkiss.dbeaver.ext.ui.tipoftheday 1.0.135.202404211624]
> Start GEF Classic Draw2d [org.eclipse.draw2d 3.14.100.202311222042]
> Start GEF Classic GEF (MVC) [org.eclipse.gef 3.16.0.202311222042]
> Start DBeaver ERD UI [org.jkiss.dbeaver.erd.ui 3.0.89.202404211624]
> Start DBeaver ERD Model [org.jkiss.dbeaver.erd.model 1.0.89.202404211624]
> Start DBeaver Dashboard UI [org.jkiss.dbeaver.ui.dashboard 1.0.126.202404211624]
> Start DBeaver Dashboards Model [org.jkiss.dbeaver.model.dashboard 1.0.2.202404211624]
> Start DBeaver JDBC Model [org.jkiss.dbeaver.model.jdbc 1.0.22.202404211624]
> Start DBeaver Oracle Model [org.jkiss.dbeaver.ext.oracle 2.1.214.202404211624]
> Start 기본 문서 편집기 [org.eclipse.ui.editors 3.17.100.v20231106-1600]
> Start 텍스트 편집기 프레임워크 [org.eclipse.ui.workbench.texteditor 3.17.200.v20231106-1600]
> Start DBeaver UI Editors - Connections [org.jkiss.dbeaver.ui.editors.connection 1.0.120.202404211624]
> Start DBeaver MySQL UI Support [org.jkiss.dbeaver.ext.mysql.ui 1.0.121.202404211624]
> Start DBeaver MySQL Support [org.jkiss.dbeaver.ext.mysql 2.1.214.202404211624]
2024-05-03 11:26:08.837 - Service 'org.jkiss.dbeaver.runtime.ui.UIServiceSecurity' not found
2024-05-03 11:26:24.457 - Open [https://repo1.maven.org/maven2/com/mysql/mysql-connector-j/8.2.0/mysql-connector-j-8.2.0.pom]
2024-05-03 11:26:25.211 - Open [https://repo1.maven.org/maven2/com/google/protobuf/protobuf-java/3.21.9/protobuf-java-3.21.9.pom]
2024-05-03 11:26:25.376 - Open [https://repo1.maven.org/maven2/com/google/protobuf/protobuf-parent/3.21.9/protobuf-parent-3.21.9.pom]
2024-05-03 11:26:25.544 - Open [https://repo1.maven.org/maven2/com/google/protobuf/protobuf-bom/3.21.9/protobuf-bom-3.21.9.pom]
2024-05-03 11:26:36.920 - Open [https://repo1.maven.org/maven2/com/mysql/mysql-connector-j/8.2.0/mysql-connector-j-8.2.0.jar]
2024-05-03 11:26:38.354 - Open [https://repo1.maven.org/maven2/com/google/protobuf/protobuf-java/3.21.9/protobuf-java-3.21.9.jar]
2024-05-03 11:26:38.828 - Open [https://www.gnu.org/licenses/old-licenses/lgpl-2.0.txt]
2024-05-03 11:28:11.510 - Connect with 'jdbc:mysql://localhost:3306/' (mysql8-18f3c47d45c-644e78b251c6b575)
2024-05-03 11:28:11.532 - Execution context opened (jdbc:mysql://localhost:3306/; Main; 0)
> Start DBeaver GIS Support [org.jkiss.dbeaver.data.gis 1.0.153.202404211624]
2024-05-03 11:28:11.697 - Connected (mysql8-18f3c47d45c-644e78b251c6b575, MySQL Connector/J [mysql-connector-j-8.2.0 (Revision: 06a1f724497fd81c6a659131fda822c9e5085b6c)])
2024-05-03 11:28:11.710 - Execution context closed (jdbc:mysql://localhost:3306/, 0)
2024-05-03 11:28:11.710 - Disconnected (mysql8-18f3c47d45c-644e78b251c6b575)
2024-05-03 11:32:47.428 - Connect with 'localhost 2' (mysql8-18f3c45f4ce-7b783b169c9c510b)
2024-05-03 11:32:47.429 - Execution context opened (localhost 2; Main; 1)
2024-05-03 11:32:47.435 - Execution context opened (localhost 2; Metadata; 2)
2024-05-03 11:32:47.450 - Connected (mysql8-18f3c45f4ce-7b783b169c9c510b, MySQL Connector/J [mysql-connector-j-8.2.0 (Revision: 06a1f724497fd81c6a659131fda822c9e5085b6c)])
2024-05-03 11:32:47.974 - Connect with 'localhost' (oracle_thin-18f3c210cad-503504f4b1ee1cc3)
2024-05-03 11:32:47.978 - Execution context opened (localhost; Main; 3)
2024-05-03 11:32:48.149 - Execution context opened (localhost; Metadata; 4)
2024-05-03 11:32:48.198 - Connected (oracle_thin-18f3c210cad-503504f4b1ee1cc3, Oracle JDBC driver [11.2.0.2.0])
> Start DBeaver Oracle UI [org.jkiss.dbeaver.ext.oracle.ui 1.0.116.202404211624]
2024-05-03 11:33:26.011 - Can't get column 'EXTERNAL_NAME': 부적합한 열 이름
2024-05-03 11:33:26.011 - Can't get column 'ACCOUNT_STATUS': 부적합한 열 이름
2024-05-03 11:33:26.011 - Can't get column 'LOCK_DATE': 부적합한 열 이름
2024-05-03 11:33:26.011 - Can't get column 'EXPIRY_DATE': 부적합한 열 이름
2024-05-03 11:33:26.011 - Can't get column 'DEFAULT_TABLESPACE': 부적합한 열 이름
2024-05-03 11:33:26.011 - Can't get column 'TEMPORARY_TABLESPACE': 부적합한 열 이름
2024-05-03 11:33:26.011 - Can't get column 'PROFILE': 부적합한 열 이름
2024-05-03 11:33:26.011 - Can't get column 'INITIAL_RSRC_CONSUMER_GROUP': 부적합한 열 이름
> Start DBeaver SQL Terminal [org.jkiss.dbeaver.ui.editors.sql.terminal 1.0.105.202404211624]
> Start 핵심 비교 지원 [org.eclipse.compare.core 3.8.300.v20231106-1240]
> Start 콘솔 [org.eclipse.ui.console 3.13.100.v20230914-0751]
> Start 디버그 핵심 [org.eclipse.debug.core 3.21.200.v20231021-1513]
2024-05-03 11:34:48.638 - Execution context opened (localhost; SQLEditor <Script.sql>; 5)
> Start DBeaver Tasks - Native Tools UI [org.jkiss.dbeaver.tasks.native.ui 1.0.107.202404211624]
> Start DBeaver Tasks - General UI [org.jkiss.dbeaver.tasks.ui 1.0.107.202404211624]
> Start DBeaver SQL Language Semantic Model [org.jkiss.dbeaver.model.lsm 1.0.24.202404211624]
2024-05-03 11:37:18.998 - Execution context closed (localhost, 5)
2024-05-03 11:37:34.949 - Execution context opened (localhost; SQLEditor <Script.sql>; 6)
> Start DBeaver Data Transfer [org.jkiss.dbeaver.data.transfer 2.0.113.202404211624]
2024-05-03 11:37:57.667 - Error binding callable statement parameters from metadata: 지원되지 않는 기능입니다
2024-05-03 11:37:57.667 - Error obtaining output parameters from metadata: 지원되지 않는 기능입니다
2024-05-03 11:37:57.667 - Can't obtain procedure metadata nor jdbc metadata
2024-05-03 11:37:57.941 - SQL Error [1920] [42000]: ORA-01920: user name 'SCOTT' conflicts with another user or role name


Error position: line: 10 pos: 12
org.jkiss.dbeaver.model.sql.DBSQLException: SQL Error [1920] [42000]: ORA-01920: user name 'SCOTT' conflicts with another user or role name

	at org.jkiss.dbeaver.model.impl.jdbc.exec.JDBCStatementImpl.executeStatement(JDBCStatementImpl.java:133)
	at org.jkiss.dbeaver.ui.editors.sql.execute.SQLQueryJob.executeStatement(SQLQueryJob.java:614)
	at org.jkiss.dbeaver.ui.editors.sql.execute.SQLQueryJob.lambda$2(SQLQueryJob.java:505)
	at org.jkiss.dbeaver.model.exec.DBExecUtils.tryExecuteRecover(DBExecUtils.java:194)
	at org.jkiss.dbeaver.ui.editors.sql.execute.SQLQueryJob.executeSingleQuery(SQLQueryJob.java:524)
	at org.jkiss.dbeaver.ui.editors.sql.execute.SQLQueryJob.extractData(SQLQueryJob.java:976)
	at org.jkiss.dbeaver.ui.editors.sql.SQLEditor$QueryResultsContainer.readData(SQLEditor.java:4155)
	at org.jkiss.dbeaver.ui.controls.resultset.ResultSetJobDataRead.lambda$0(ResultSetJobDataRead.java:123)
	at org.jkiss.dbeaver.model.exec.DBExecUtils.tryExecuteRecover(DBExecUtils.java:194)
	at org.jkiss.dbeaver.ui.controls.resultset.ResultSetJobDataRead.run(ResultSetJobDataRead.java:121)
	at org.jkiss.dbeaver.ui.controls.resultset.ResultSetViewer$ResultSetDataPumpJob.run(ResultSetViewer.java:5152)
	at org.jkiss.dbeaver.model.runtime.AbstractJob.run(AbstractJob.java:115)
	at org.eclipse.core.internal.jobs.Worker.run(Worker.java:63)
Caused by: java.sql.SQLSyntaxErrorException: ORA-01920: user name 'SCOTT' conflicts with another user or role name

	at oracle.jdbc.driver.T4CTTIoer.processError(T4CTTIoer.java:440)
	at oracle.jdbc.driver.T4CTTIoer.processError(T4CTTIoer.java:396)
	at oracle.jdbc.driver.T4C8Oall.processError(T4C8Oall.java:837)
	at oracle.jdbc.driver.T4CTTIfun.receive(T4CTTIfun.java:445)
	at oracle.jdbc.driver.T4CTTIfun.doRPC(T4CTTIfun.java:191)
	at oracle.jdbc.driver.T4C8Oall.doOALL(T4C8Oall.java:523)
	at oracle.jdbc.driver.T4CStatement.doOall8(T4CStatement.java:193)
	at oracle.jdbc.driver.T4CStatement.executeForRows(T4CStatement.java:999)
	at oracle.jdbc.driver.OracleStatement.doExecuteWithTimeout(OracleStatement.java:1315)
	at oracle.jdbc.driver.OracleStatement.executeInternal(OracleStatement.java:1890)
	at oracle.jdbc.driver.OracleStatement.execute(OracleStatement.java:1855)
	at oracle.jdbc.driver.OracleStatementWrapper.execute(OracleStatementWrapper.java:304)
	at org.jkiss.dbeaver.model.impl.jdbc.exec.JDBCStatementImpl.execute(JDBCStatementImpl.java:330)
	at org.jkiss.dbeaver.model.impl.jdbc.exec.JDBCStatementImpl.executeStatement(JDBCStatementImpl.java:131)
	... 12 more
2024-05-03 11:38:26.714 - Error binding callable statement parameters from metadata: 지원되지 않는 기능입니다
2024-05-03 11:38:26.714 - Error obtaining output parameters from metadata: 지원되지 않는 기능입니다
2024-05-03 11:38:26.714 - Can't obtain procedure metadata nor jdbc metadata
2024-05-03 11:38:26.766 - SQL Error [1920] [42000]: ORA-01920: user name 'SCOTT' conflicts with another user or role name


Error position: line: 10 pos: 12
org.jkiss.dbeaver.model.sql.DBSQLException: SQL Error [1920] [42000]: ORA-01920: user name 'SCOTT' conflicts with another user or role name

	at org.jkiss.dbeaver.model.impl.jdbc.exec.JDBCStatementImpl.executeStatement(JDBCStatementImpl.java:133)
	at org.jkiss.dbeaver.ui.editors.sql.execute.SQLQueryJob.executeStatement(SQLQueryJob.java:614)
	at org.jkiss.dbeaver.ui.editors.sql.execute.SQLQueryJob.lambda$2(SQLQueryJob.java:505)
	at org.jkiss.dbeaver.model.exec.DBExecUtils.tryExecuteRecover(DBExecUtils.java:194)
	at org.jkiss.dbeaver.ui.editors.sql.execute.SQLQueryJob.executeSingleQuery(SQLQueryJob.java:524)
	at org.jkiss.dbeaver.ui.editors.sql.execute.SQLQueryJob.extractData(SQLQueryJob.java:976)
	at org.jkiss.dbeaver.ui.editors.sql.SQLEditor$QueryResultsContainer.readData(SQLEditor.java:4155)
	at org.jkiss.dbeaver.ui.controls.resultset.ResultSetJobDataRead.lambda$0(ResultSetJobDataRead.java:123)
	at org.jkiss.dbeaver.model.exec.DBExecUtils.tryExecuteRecover(DBExecUtils.java:194)
	at org.jkiss.dbeaver.ui.controls.resultset.ResultSetJobDataRead.run(ResultSetJobDataRead.java:121)
	at org.jkiss.dbeaver.ui.controls.resultset.ResultSetViewer$ResultSetDataPumpJob.run(ResultSetViewer.java:5152)
	at org.jkiss.dbeaver.model.runtime.AbstractJob.run(AbstractJob.java:115)
	at org.eclipse.core.internal.jobs.Worker.run(Worker.java:63)
Caused by: java.sql.SQLSyntaxErrorException: ORA-01920: user name 'SCOTT' conflicts with another user or role name

	at oracle.jdbc.driver.T4CTTIoer.processError(T4CTTIoer.java:440)
	at oracle.jdbc.driver.T4CTTIoer.processError(T4CTTIoer.java:396)
	at oracle.jdbc.driver.T4C8Oall.processError(T4C8Oall.java:837)
	at oracle.jdbc.driver.T4CTTIfun.receive(T4CTTIfun.java:445)
	at oracle.jdbc.driver.T4CTTIfun.doRPC(T4CTTIfun.java:191)
	at oracle.jdbc.driver.T4C8Oall.doOALL(T4C8Oall.java:523)
	at oracle.jdbc.driver.T4CStatement.doOall8(T4CStatement.java:193)
	at oracle.jdbc.driver.T4CStatement.executeForRows(T4CStatement.java:999)
	at oracle.jdbc.driver.OracleStatement.doExecuteWithTimeout(OracleStatement.java:1315)
	at oracle.jdbc.driver.OracleStatement.executeInternal(OracleStatement.java:1890)
	at oracle.jdbc.driver.OracleStatement.execute(OracleStatement.java:1855)
	at oracle.jdbc.driver.OracleStatementWrapper.execute(OracleStatementWrapper.java:304)
	at org.jkiss.dbeaver.model.impl.jdbc.exec.JDBCStatementImpl.execute(JDBCStatementImpl.java:330)
	at org.jkiss.dbeaver.model.impl.jdbc.exec.JDBCStatementImpl.executeStatement(JDBCStatementImpl.java:131)
	... 12 more
2024-05-03 11:38:37.580 - org.jkiss.dbeaver.model.sql.DBSQLException: SQL Error [1920] [42000]: ORA-01920: user name 'SCOTT' conflicts with another user or role name

	at org.jkiss.dbeaver.model.impl.jdbc.exec.JDBCStatementImpl.executeStatement(JDBCStatementImpl.java:133)
	at org.jkiss.dbeaver.ui.editors.sql.execute.SQLQueryJob.executeStatement(SQLQueryJob.java:614)
	at org.jkiss.dbeaver.ui.editors.sql.execute.SQLQueryJob.lambda$2(SQLQueryJob.java:505)
	at org.jkiss.dbeaver.model.exec.DBExecUtils.tryExecuteRecover(DBExecUtils.java:194)
	at org.jkiss.dbeaver.ui.editors.sql.execute.SQLQueryJob.executeSingleQuery(SQLQueryJob.java:524)
	at org.jkiss.dbeaver.ui.editors.sql.execute.SQLQueryJob.run(SQLQueryJob.java:239)
	at org.jkiss.dbeaver.model.runtime.AbstractJob.run(AbstractJob.java:115)
	at org.eclipse.core.internal.jobs.Worker.run(Worker.java:63)
Caused by: java.sql.SQLSyntaxErrorException: ORA-01920: user name 'SCOTT' conflicts with another user or role name

	at oracle.jdbc.driver.T4CTTIoer.processError(T4CTTIoer.java:440)
	at oracle.jdbc.driver.T4CTTIoer.processError(T4CTTIoer.java:396)
	at oracle.jdbc.driver.T4C8Oall.processError(T4C8Oall.java:837)
	at oracle.jdbc.driver.T4CTTIfun.receive(T4CTTIfun.java:445)
	at oracle.jdbc.driver.T4CTTIfun.doRPC(T4CTTIfun.java:191)
	at oracle.jdbc.driver.T4C8Oall.doOALL(T4C8Oall.java:523)
	at oracle.jdbc.driver.T4CStatement.doOall8(T4CStatement.java:193)
	at oracle.jdbc.driver.T4CStatement.executeForRows(T4CStatement.java:999)
	at oracle.jdbc.driver.OracleStatement.doExecuteWithTimeout(OracleStatement.java:1315)
	at oracle.jdbc.driver.OracleStatement.executeInternal(OracleStatement.java:1890)
	at oracle.jdbc.driver.OracleStatement.execute(OracleStatement.java:1855)
	at oracle.jdbc.driver.OracleStatementWrapper.execute(OracleStatementWrapper.java:304)
	at org.jkiss.dbeaver.model.impl.jdbc.exec.JDBCStatementImpl.execute(JDBCStatementImpl.java:330)
	at org.jkiss.dbeaver.model.impl.jdbc.exec.JDBCStatementImpl.executeStatement(JDBCStatementImpl.java:131)
	... 7 more
2024-05-03 11:38:37.595 - Error binding callable statement parameters from metadata: 지원되지 않는 기능입니다
2024-05-03 11:38:37.595 - Error obtaining output parameters from metadata: 지원되지 않는 기능입니다
2024-05-03 11:38:37.595 - Can't obtain procedure metadata nor jdbc metadata
2024-05-03 11:38:37.596 - Error positioning on query error
org.eclipse.core.runtime.AssertionFailedException: assertion failed: 
	at org.eclipse.core.runtime.Assert.isTrue(Assert.java:119)
	at org.eclipse.core.runtime.Assert.isTrue(Assert.java:104)
	at org.eclipse.jface.text.Position.<init>(Position.java:66)
	at org.jkiss.dbeaver.ui.editors.sql.SQLEditorBase.visualizeQueryErrors(SQLEditorBase.java:996)
	at org.jkiss.dbeaver.ui.editors.sql.SQLEditor$SQLEditorQueryListener.processQueryResult(SQLEditor.java:4816)
	at org.jkiss.dbeaver.ui.editors.sql.SQLEditor$SQLEditorQueryListener.lambda$4(SQLEditor.java:4790)
	at org.jkiss.dbeaver.ui.UIUtils$9.runInUIThread(UIUtils.java:1845)
	at org.jkiss.dbeaver.ui.AbstractUIJob.runInUIThread(AbstractUIJob.java:41)
	at org.eclipse.ui.progress.UIJob.lambda$0(UIJob.java:148)
	at org.eclipse.swt.widgets.RunnableLock.run(RunnableLock.java:40)
	at org.eclipse.swt.widgets.Synchronizer.runAsyncMessages(Synchronizer.java:132)
	at org.eclipse.swt.widgets.Display.runAsyncMessages(Display.java:4046)
	at org.eclipse.swt.widgets.Display.readAndDispatch(Display.java:3662)
	at org.eclipse.e4.ui.internal.workbench.swt.PartRenderingEngine$5.run(PartRenderingEngine.java:1155)
	at org.eclipse.core.databinding.observable.Realm.runWithDefault(Realm.java:342)
	at org.eclipse.e4.ui.internal.workbench.swt.PartRenderingEngine.run(PartRenderingEngine.java:1046)
	at org.eclipse.e4.ui.internal.workbench.E4Workbench.createAndRunUI(E4Workbench.java:155)
	at org.eclipse.ui.internal.Workbench.lambda$3(Workbench.java:648)
	at org.eclipse.core.databinding.observable.Realm.runWithDefault(Realm.java:342)
	at org.eclipse.ui.internal.Workbench.createAndRunWorkbench(Workbench.java:555)
	at org.eclipse.ui.PlatformUI.createAndRunWorkbench(PlatformUI.java:173)
	at org.jkiss.dbeaver.ui.app.standalone.DBeaverApplication.start(DBeaverApplication.java:295)
	at org.eclipse.equinox.internal.app.EclipseAppHandle.run(EclipseAppHandle.java:208)
	at org.eclipse.core.runtime.internal.adaptor.EclipseAppLauncher.runApplication(EclipseAppLauncher.java:136)
	at org.eclipse.core.runtime.internal.adaptor.EclipseAppLauncher.start(EclipseAppLauncher.java:104)
	at org.eclipse.core.runtime.adaptor.EclipseStarter.run(EclipseStarter.java:402)
	at org.eclipse.core.runtime.adaptor.EclipseStarter.run(EclipseStarter.java:255)
	at java.base/jdk.internal.reflect.NativeMethodAccessorImpl.invoke0(Native Method)
	at java.base/jdk.internal.reflect.NativeMethodAccessorImpl.invoke(Unknown Source)
	at java.base/jdk.internal.reflect.DelegatingMethodAccessorImpl.invoke(Unknown Source)
	at java.base/java.lang.reflect.Method.invoke(Unknown Source)
	at org.jkiss.dbeaver.launcher.DBeaverLauncher.invokeFramework(DBeaverLauncher.java:647)
	at org.jkiss.dbeaver.launcher.DBeaverLauncher.basicRun(DBeaverLauncher.java:607)
	at org.jkiss.dbeaver.launcher.DBeaverLauncher.run(DBeaverLauncher.java:1464)
2024-05-03 11:39:52.945 - Execution context closed (localhost, 6)
2024-05-03 11:39:56.609 - Execution context opened (localhost; SQLEditor <Script.sql>; 7)
2024-05-03 11:40:02.801 - Execution context closed (localhost, 7)
2024-05-03 11:41:08.872 - Execution context opened (localhost; SQLEditor <Script.sql>; 8)
2024-05-03 11:43:55.567 - Execution context closed (localhost, 8)
2024-05-03 11:43:59.460 - Execution context opened (localhost; SQLEditor <Script.sql>; 9)
2024-05-03 11:48:31.057 - Error binding callable statement parameters from metadata: 지원되지 않는 기능입니다
2024-05-03 11:48:31.058 - Error obtaining output parameters from metadata: 지원되지 않는 기능입니다
2024-05-03 11:48:31.058 - Can't obtain procedure metadata nor jdbc metadata
2024-05-03 11:48:31.118 - SQL Error [1920] [42000]: ORA-01920: user name 'SCOTT' conflicts with another user or role name


Error position: line: 10 pos: 12
org.jkiss.dbeaver.model.sql.DBSQLException: SQL Error [1920] [42000]: ORA-01920: user name 'SCOTT' conflicts with another user or role name

	at org.jkiss.dbeaver.model.impl.jdbc.exec.JDBCStatementImpl.executeStatement(JDBCStatementImpl.java:133)
	at org.jkiss.dbeaver.ui.editors.sql.execute.SQLQueryJob.executeStatement(SQLQueryJob.java:614)
	at org.jkiss.dbeaver.ui.editors.sql.execute.SQLQueryJob.lambda$2(SQLQueryJob.java:505)
	at org.jkiss.dbeaver.model.exec.DBExecUtils.tryExecuteRecover(DBExecUtils.java:194)
	at org.jkiss.dbeaver.ui.editors.sql.execute.SQLQueryJob.executeSingleQuery(SQLQueryJob.java:524)
	at org.jkiss.dbeaver.ui.editors.sql.execute.SQLQueryJob.extractData(SQLQueryJob.java:976)
	at org.jkiss.dbeaver.ui.editors.sql.SQLEditor$QueryResultsContainer.readData(SQLEditor.java:4155)
	at org.jkiss.dbeaver.ui.controls.resultset.ResultSetJobDataRead.lambda$0(ResultSetJobDataRead.java:123)
	at org.jkiss.dbeaver.model.exec.DBExecUtils.tryExecuteRecover(DBExecUtils.java:194)
	at org.jkiss.dbeaver.ui.controls.resultset.ResultSetJobDataRead.run(ResultSetJobDataRead.java:121)
	at org.jkiss.dbeaver.ui.controls.resultset.ResultSetViewer$ResultSetDataPumpJob.run(ResultSetViewer.java:5152)
	at org.jkiss.dbeaver.model.runtime.AbstractJob.run(AbstractJob.java:115)
	at org.eclipse.core.internal.jobs.Worker.run(Worker.java:63)
Caused by: java.sql.SQLSyntaxErrorException: ORA-01920: user name 'SCOTT' conflicts with another user or role name

	at oracle.jdbc.driver.T4CTTIoer.processError(T4CTTIoer.java:440)
	at oracle.jdbc.driver.T4CTTIoer.processError(T4CTTIoer.java:396)
	at oracle.jdbc.driver.T4C8Oall.processError(T4C8Oall.java:837)
	at oracle.jdbc.driver.T4CTTIfun.receive(T4CTTIfun.java:445)
	at oracle.jdbc.driver.T4CTTIfun.doRPC(T4CTTIfun.java:191)
	at oracle.jdbc.driver.T4C8Oall.doOALL(T4C8Oall.java:523)
	at oracle.jdbc.driver.T4CStatement.doOall8(T4CStatement.java:193)
	at oracle.jdbc.driver.T4CStatement.executeForRows(T4CStatement.java:999)
	at oracle.jdbc.driver.OracleStatement.doExecuteWithTimeout(OracleStatement.java:1315)
	at oracle.jdbc.driver.OracleStatement.executeInternal(OracleStatement.java:1890)
	at oracle.jdbc.driver.OracleStatement.execute(OracleStatement.java:1855)
	at oracle.jdbc.driver.OracleStatementWrapper.execute(OracleStatementWrapper.java:304)
	at org.jkiss.dbeaver.model.impl.jdbc.exec.JDBCStatementImpl.execute(JDBCStatementImpl.java:330)
	at org.jkiss.dbeaver.model.impl.jdbc.exec.JDBCStatementImpl.executeStatement(JDBCStatementImpl.java:131)
	... 12 more
2024-05-03 13:04:42.157 - Execution context opened (localhost; SQLEditor <Script.sql>; 10)
2024-05-03 13:33:48.882 - Execution context closed (localhost, 10)
> Start Data Transfer UI [org.jkiss.dbeaver.data.transfer.ui 1.0.113.202404211624]
2024-05-03 13:36:42.445 - Service 'org.jkiss.dbeaver.runtime.ui.UIServiceSecurity' not found
2024-05-03 13:41:24.109 - 	Invalidate context 'Main' for oracle_thin-18f3c210cad-503504f4b1ee1cc3 (BEFORE_INVALIDATE)
2024-05-03 13:41:24.120 - Execution context closed (localhost, 3)
2024-05-03 13:41:24.120 - 	Invalidate context 'Metadata' for oracle_thin-18f3c210cad-503504f4b1ee1cc3 (BEFORE_INVALIDATE)
2024-05-03 13:41:24.133 - Execution context closed (localhost, 4)
2024-05-03 13:41:24.133 - 	Invalidate context 'SQLEditor <Script.sql>' for oracle_thin-18f3c210cad-503504f4b1ee1cc3 (BEFORE_INVALIDATE)
2024-05-03 13:41:24.144 - Execution context closed (localhost, 9)
2024-05-03 13:41:24.144 - 	Invalidate context 'Main' for oracle_thin-18f3c210cad-503504f4b1ee1cc3 (INVALIDATE)
2024-05-03 13:41:24.155 - 	Invalidate context 'Metadata' for oracle_thin-18f3c210cad-503504f4b1ee1cc3 (INVALIDATE)
2024-05-03 13:41:24.168 - 	Invalidate context 'SQLEditor <Script.sql>' for oracle_thin-18f3c210cad-503504f4b1ee1cc3 (INVALIDATE)
2024-05-03 13:41:24.179 - 	Invalidate context 'Main' for oracle_thin-18f3c210cad-503504f4b1ee1cc3 (AFTER_INVALIDATE)
2024-05-03 13:41:24.179 - 	Invalidate context 'Metadata' for oracle_thin-18f3c210cad-503504f4b1ee1cc3 (AFTER_INVALIDATE)
2024-05-03 13:41:24.179 - 	Invalidate context 'SQLEditor <Script.sql>' for oracle_thin-18f3c210cad-503504f4b1ee1cc3 (AFTER_INVALIDATE)
2024-05-03 13:41:24.183 - Connections reopened: 3 (of 3)
2024-05-03 13:41:26.499 - 	Invalidate context 'Main' for oracle_thin-18f3c210cad-503504f4b1ee1cc3 (BEFORE_INVALIDATE)
2024-05-03 13:41:26.509 - Execution context closed (localhost, 3)
2024-05-03 13:41:26.509 - 	Invalidate context 'Metadata' for oracle_thin-18f3c210cad-503504f4b1ee1cc3 (BEFORE_INVALIDATE)
2024-05-03 13:41:26.520 - Execution context closed (localhost, 4)
2024-05-03 13:41:26.520 - 	Invalidate context 'SQLEditor <Script.sql>' for oracle_thin-18f3c210cad-503504f4b1ee1cc3 (BEFORE_INVALIDATE)
2024-05-03 13:41:26.531 - Execution context closed (localhost, 9)
2024-05-03 13:41:26.531 - 	Invalidate context 'Main' for oracle_thin-18f3c210cad-503504f4b1ee1cc3 (INVALIDATE)
2024-05-03 13:41:26.540 - 	Invalidate context 'Metadata' for oracle_thin-18f3c210cad-503504f4b1ee1cc3 (INVALIDATE)
2024-05-03 13:41:26.552 - 	Invalidate context 'SQLEditor <Script.sql>' for oracle_thin-18f3c210cad-503504f4b1ee1cc3 (INVALIDATE)
2024-05-03 13:41:26.563 - 	Invalidate context 'Main' for oracle_thin-18f3c210cad-503504f4b1ee1cc3 (AFTER_INVALIDATE)
2024-05-03 13:41:26.563 - 	Invalidate context 'Metadata' for oracle_thin-18f3c210cad-503504f4b1ee1cc3 (AFTER_INVALIDATE)
2024-05-03 13:41:26.563 - 	Invalidate context 'SQLEditor <Script.sql>' for oracle_thin-18f3c210cad-503504f4b1ee1cc3 (AFTER_INVALIDATE)
2024-05-03 13:41:26.563 - Connections reopened: 3 (of 3)
> Start Equinox Provisioning Engine [org.eclipse.equinox.p2.engine 2.9.0.v20231105-1139]
> Start Equinox Provisioning Core [org.eclipse.equinox.p2.core 2.10.200.v20231102-1258]
> Start Equinox Provisioning Metadata [org.eclipse.equinox.p2.metadata 2.8.0.v20231102-1258]
> Start Equinox Provisioning Platform Update Support [org.eclipse.equinox.p2.ui.sdk 1.3.200.v20230921-0854]
> Start Equinox Provisioning UI Support [org.eclipse.equinox.p2.ui 2.8.200.v20231105-1139]
> Start Equinox Provisioning Director [org.eclipse.equinox.p2.director 2.6.200.v20231021-1906]
2024-05-03 13:48:48.716 - Auth model 'native' was replaced by 'oracle_native'
2024-05-03 13:48:48.729 - Service 'org.jkiss.dbeaver.runtime.ui.UIServiceSecurity' not found
2024-05-03 13:50:48.116 - Execution context closed (localhost, 9)
2024-05-03 13:50:48.353 - DBeaver is stopping
2024-05-03 13:50:48.354 - Stop instance server
2024-05-03 13:50:49.365 - DBeaver shutdown completed
