2024-05-03 10:42:03.963 - DBeaver 24.0.3.202404211624 is starting
2024-05-03 10:42:03.964 - OS: Windows 11 10.0 (amd64)
2024-05-03 10:42:03.964 - Java version: 17.0.6 by Eclipse Adoptium (64bit)
2024-05-03 10:42:03.965 - Install path: 'C:\Users\PC\AppData\Local\DBeaver'
2024-05-03 10:42:03.965 - Instance path: 'file:/C:/workspace/multi/03_db/'
2024-05-03 10:42:03.966 - Memory available 64Mb/1024Mb
2024-05-03 10:42:03.972 - Create display
2024-05-03 10:42:04.034 - Initialize desktop platform...
2024-05-03 10:42:04.111 - BounceCastle bundle found. Use JCE provider BC
> Start Core File Systems [org.eclipse.core.filesystem 1.10.200.v20231102-0934]
> Start Core Resource Management [org.eclipse.core.resources 3.20.0.v20231102-0934]
> Start 팀 지원 핵심 [org.eclipse.team.core 3.10.200.v20231106-1240]
> Start DBeaver UI Navigator [org.jkiss.dbeaver.ui.navigator 1.0.129.202404211624]
2024-05-03 10:42:04.231 - Initialize base platform...
2024-05-03 10:42:04.251 - Platform initialized (217ms)
> Start DBeaver UI Editors - Base [org.jkiss.dbeaver.ui.editors.base 1.0.129.202404211624]
2024-05-03 10:42:04.311 - Starting instance server at http://localhost:53963
2024-05-03 10:42:04.316 - Run workbench
> Start Eclipse e4 작업영역 SWT [org.eclipse.e4.ui.workbench.swt 0.17.200.v20231030-2045]
> Start Eclipse Application Services [org.eclipse.e4.core.services 2.4.200.v20231103-2012]
> Start Eclipse UI Application Services [org.eclipse.e4.ui.services 1.6.200.v20231030-2045]
> Start Eclipse e4 Progress View [org.eclipse.e4.ui.progress 0.4.200.v20231030-2045]
> Start Eclipse Bindings Support [org.eclipse.e4.ui.bindings 0.14.200.v20231030-2045]
> Start Eclipse e4 core commands [org.eclipse.e4.core.commands 1.1.200.v20231108-1058]
> Start EMF XML/XMI Persistence [org.eclipse.emf.ecore.xmi 2.36.0.v20231002-1156]
> Start Eclipse CSS SWT Theme Support [org.eclipse.e4.ui.css.swt.theme 0.14.200.v20230913-1724]
> Start Eclipse e4 작업영역 기능 추가 [org.eclipse.e4.ui.workbench.addons.swt 1.5.200.v20231106-1600]
> Start Eclipse e4 작업영역 SWT 렌더러 [org.eclipse.e4.ui.workbench.renderers.swt 0.16.200.v20231030-2045]
> Start Eclipse Dependency Injection Extensions [org.eclipse.e4.core.di.extensions 0.18.100.v20231103-2012]
> Start Eclipse CSS SWT Support [org.eclipse.e4.ui.css.swt 0.15.200.v20231025-0632]
2024-05-03 10:42:05.229 - Configure workbench window
> Start DBeaver SQL Model [org.jkiss.dbeaver.model.sql 1.0.119.202404211624]
2024-05-03 10:42:05.316 - Total database drivers: 112 (112)
> Start 도움말 시스템 코어 [org.eclipse.help 3.10.200.v20231106-1240]
2024-05-03 10:42:05.361 - Create actions
2024-05-03 10:42:05.365 - Disable Eclipse action set 'org.eclipse.ui.edit.text.actionSet.annotationNavigation'
2024-05-03 10:42:05.365 - Disable Eclipse action set 'org.eclipse.ui.WorkingSetActionSet'
2024-05-03 10:42:05.365 - Disable Eclipse action set 'org.eclipse.ui.actionSet.openFiles'
2024-05-03 10:42:05.366 - Create workbench actions
> Start jna [com.sun.jna 5.13.0.v20230812-1000]
2024-05-03 10:42:05.730 - Initialize workbench window
2024-05-03 10:42:05.735 - Finish initialization
> Start DBeaver UI Editors - Data [org.jkiss.dbeaver.ui.editors.data 1.0.129.202404211624]
> Start 인터넷 연결 관리 사용자 인터페이스 [org.eclipse.ui.net 1.5.200.v20231106-1240]
> Start Internet Connection Management [org.eclipse.core.net 1.5.200.v20231106-1240]
Warning: NLS unused message: actions_navigator__objects in: org.jkiss.dbeaver.ui.editors.sql.internal.SQLEditorMessages
> Start DBeaver UI Editors - SQL [org.jkiss.dbeaver.ui.editors.sql 1.0.129.202404211624]
> Start DBeaver Sample Database [org.jkiss.dbeaver.ext.sample.database 1.0.166.202404211624]
> Start DBeaver Tip of the day [org.jkiss.dbeaver.ext.ui.tipoftheday 1.0.135.202404211624]
> Start GEF Classic Draw2d [org.eclipse.draw2d 3.14.100.202311222042]
> Start GEF Classic GEF (MVC) [org.eclipse.gef 3.16.0.202311222042]
> Start DBeaver ERD UI [org.jkiss.dbeaver.erd.ui 3.0.89.202404211624]
> Start DBeaver ERD Model [org.jkiss.dbeaver.erd.model 1.0.89.202404211624]
> Start DBeaver Dashboard UI [org.jkiss.dbeaver.ui.dashboard 1.0.126.202404211624]
> Start DBeaver Dashboards Model [org.jkiss.dbeaver.model.dashboard 1.0.2.202404211624]
> Start 기본 문서 편집기 [org.eclipse.ui.editors 3.17.100.v20231106-1600]
> Start 텍스트 편집기 프레임워크 [org.eclipse.ui.workbench.texteditor 3.17.200.v20231106-1600]
> Start DBeaver UI Editors - Connections [org.jkiss.dbeaver.ui.editors.connection 1.0.120.202404211624]
> Start DBeaver Oracle UI [org.jkiss.dbeaver.ext.oracle.ui 1.0.116.202404211624]
> Start DBeaver Oracle Model [org.jkiss.dbeaver.ext.oracle 2.1.214.202404211624]
> Start DBeaver JDBC Model [org.jkiss.dbeaver.model.jdbc 1.0.22.202404211624]
2024-05-03 10:45:50.140 - Auth model 'native' was replaced by 'oracle_native'
2024-05-03 10:45:50.163 - Service 'org.jkiss.dbeaver.runtime.ui.UIServiceSecurity' not found
2024-05-03 10:49:19.929 - Connect with 'jdbc:oracle:thin:@//localhost:1521/XE' (oracle_thin-18f3c24408d-2fa7398cb574b815)
2024-05-03 10:49:19.955 - Execution context opened (jdbc:oracle:thin:@//localhost:1521/XE; Main; 0)
2024-05-03 10:49:20.209 - Connected (oracle_thin-18f3c24408d-2fa7398cb574b815, Oracle JDBC driver [11.2.0.2.0])
2024-05-03 10:49:20.222 - Execution context closed (jdbc:oracle:thin:@//localhost:1521/XE, 0)
2024-05-03 10:49:20.222 - Disconnected (oracle_thin-18f3c24408d-2fa7398cb574b815)
2024-05-03 10:52:39.569 - Auth model 'native' was replaced by 'oracle_native'
2024-05-03 10:52:39.584 - Service 'org.jkiss.dbeaver.runtime.ui.UIServiceSecurity' not found
2024-05-03 11:03:47.052 - Connect with 'localhost' (oracle_thin-18f3c210cad-503504f4b1ee1cc3)
2024-05-03 11:03:47.053 - Execution context opened (localhost; Main; 1)
2024-05-03 11:03:47.065 - Execution context opened (localhost; Metadata; 2)
2024-05-03 11:03:47.081 - Connected (oracle_thin-18f3c210cad-503504f4b1ee1cc3, Oracle JDBC driver [11.2.0.2.0])
> Start Data Transfer UI [org.jkiss.dbeaver.data.transfer.ui 1.0.113.202404211624]
> Start 핵심 비교 지원 [org.eclipse.compare.core 3.8.300.v20231106-1240]
> Start DBeaver SQL Language Semantic Model [org.jkiss.dbeaver.model.lsm 1.0.24.202404211624]
> Start DBeaver Data GIS UI [org.jkiss.dbeaver.data.gis.view 1.0.124.202404211624]
> Start DBeaver SQL Terminal [org.jkiss.dbeaver.ui.editors.sql.terminal 1.0.105.202404211624]
> Start 비교 지원 [org.eclipse.compare 3.9.300.v20231123-2204]
> Start Equinox Security Default UI [org.eclipse.equinox.security.ui 1.4.100.v20231103-0809]
> Start Equinox Provisioning Engine [org.eclipse.equinox.p2.engine 2.9.0.v20231105-1139]
> Start Equinox Provisioning Core [org.eclipse.equinox.p2.core 2.10.200.v20231102-1258]
> Start Equinox Provisioning Metadata [org.eclipse.equinox.p2.metadata 2.8.0.v20231102-1258]
> Start Equinox Provisioning Platform Update Support [org.eclipse.equinox.p2.ui.sdk 1.3.200.v20230921-0854]
> Start Equinox Provisioning UI Support [org.eclipse.equinox.p2.ui 2.8.200.v20231105-1139]
> Start Equinox Provisioning Director [org.eclipse.equinox.p2.director 2.6.200.v20231021-1906]
> Start Equinox Provisioning Operations API [org.eclipse.equinox.p2.operations 2.7.200.v20231105-1139]
2024-05-03 11:14:01.224 - DBeaver is stopping
2024-05-03 11:14:01.224 - Stop instance server
2024-05-03 11:14:02.234 - Instance server has been stopped
2024-05-03 11:14:02.234 - DBeaver shutdown completed
