2024-05-20 09:36:36.983 - DBeaver 24.0.3.202404211624 is starting
2024-05-20 09:36:36.984 - OS: Windows 11 10.0 (amd64)
2024-05-20 09:36:36.984 - Java version: 17.0.6 by Eclipse Adoptium (64bit)
2024-05-20 09:36:36.984 - Install path: 'C:\Users\PC\AppData\Local\DBeaver'
2024-05-20 09:36:36.984 - Instance path: 'file:/C:/workspace/multi/03_db/'
2024-05-20 09:36:36.985 - Memory available 64Mb/1024Mb
2024-05-20 09:36:36.997 - Create display
2024-05-20 09:36:37.080 - Initialize desktop platform...
2024-05-20 09:36:37.184 - BounceCastle bundle found. Use JCE provider BC
> Start Core File Systems [org.eclipse.core.filesystem 1.10.200.v20231102-0934]
> Start Core Resource Management [org.eclipse.core.resources 3.20.0.v20231102-0934]
> Start 팀 지원 핵심 [org.eclipse.team.core 3.10.200.v20231106-1240]
> Start DBeaver UI Navigator [org.jkiss.dbeaver.ui.navigator 1.0.129.202404211624]
2024-05-20 09:36:37.379 - Initialize base platform...
2024-05-20 09:36:37.401 - Platform initialized (321ms)
> Start DBeaver UI Editors - Base [org.jkiss.dbeaver.ui.editors.base 1.0.129.202404211624]
2024-05-20 09:36:37.472 - Starting instance server at http://localhost:65440
2024-05-20 09:36:37.488 - Run workbench
> Start Eclipse e4 작업영역 SWT [org.eclipse.e4.ui.workbench.swt 0.17.200.v20231030-2045]
> Start Eclipse Application Services [org.eclipse.e4.core.services 2.4.200.v20231103-2012]
> Start Eclipse UI Application Services [org.eclipse.e4.ui.services 1.6.200.v20231030-2045]
> Start Eclipse e4 Progress View [org.eclipse.e4.ui.progress 0.4.200.v20231030-2045]
> Start Eclipse Bindings Support [org.eclipse.e4.ui.bindings 0.14.200.v20231030-2045]
> Start Eclipse e4 core commands [org.eclipse.e4.core.commands 1.1.200.v20231108-1058]
> Start EMF XML/XMI Persistence [org.eclipse.emf.ecore.xmi 2.36.0.v20231002-1156]
> Start Eclipse CSS SWT Theme Support [org.eclipse.e4.ui.css.swt.theme 0.14.200.v20230913-1724]
> Start Eclipse e4 작업영역 기능 추가 [org.eclipse.e4.ui.workbench.addons.swt 1.5.200.v20231106-1600]
> Start Eclipse e4 작업영역 SWT 렌더러 [org.eclipse.e4.ui.workbench.renderers.swt 0.16.200.v20231030-2045]
> Start Eclipse Dependency Injection Extensions [org.eclipse.e4.core.di.extensions 0.18.100.v20231103-2012]
> Start Eclipse CSS SWT Support [org.eclipse.e4.ui.css.swt 0.15.200.v20231025-0632]
2024-05-20 09:36:42.706 - Configure workbench window
> Start DBeaver SQL Model [org.jkiss.dbeaver.model.sql 1.0.119.202404211624]
2024-05-20 09:36:42.818 - Total database drivers: 112 (112)
> Start 도움말 시스템 코어 [org.eclipse.help 3.10.200.v20231106-1240]
2024-05-20 09:36:42.911 - Create actions
2024-05-20 09:36:42.915 - Disable Eclipse action set 'org.eclipse.ui.edit.text.actionSet.annotationNavigation'
2024-05-20 09:36:42.915 - Disable Eclipse action set 'org.eclipse.ui.WorkingSetActionSet'
2024-05-20 09:36:42.915 - Disable Eclipse action set 'org.eclipse.ui.actionSet.openFiles'
2024-05-20 09:36:42.916 - Create workbench actions
> Start jna [com.sun.jna 5.13.0.v20230812-1000]
2024-05-20 09:36:43.683 - Initialize workbench window
2024-05-20 09:36:43.687 - Finish initialization
> Start 기본 문서 편집기 [org.eclipse.ui.editors 3.17.100.v20231106-1600]
> Start 텍스트 편집기 프레임워크 [org.eclipse.ui.workbench.texteditor 3.17.200.v20231106-1600]
> Start DBeaver UI Editors - Data [org.jkiss.dbeaver.ui.editors.data 1.0.129.202404211624]
Warning: NLS unused message: actions_navigator__objects in: org.jkiss.dbeaver.ui.editors.sql.internal.SQLEditorMessages
> Start DBeaver UI Editors - SQL [org.jkiss.dbeaver.ui.editors.sql 1.0.129.202404211624]
> Start DBeaver SQL Terminal [org.jkiss.dbeaver.ui.editors.sql.terminal 1.0.105.202404211624]
> Start 핵심 비교 지원 [org.eclipse.compare.core 3.8.300.v20231106-1240]
> Start 인터넷 연결 관리 사용자 인터페이스 [org.eclipse.ui.net 1.5.200.v20231106-1240]
> Start Internet Connection Management [org.eclipse.core.net 1.5.200.v20231106-1240]
> Start DBeaver Sample Database [org.jkiss.dbeaver.ext.sample.database 1.0.166.202404211624]
> Start DBeaver Tip of the day [org.jkiss.dbeaver.ext.ui.tipoftheday 1.0.135.202404211624]
> Start GEF Classic Draw2d [org.eclipse.draw2d 3.14.100.202311222042]
> Start GEF Classic GEF (MVC) [org.eclipse.gef 3.16.0.202311222042]
> Start DBeaver ERD UI [org.jkiss.dbeaver.erd.ui 3.0.89.202404211624]
> Start DBeaver ERD Model [org.jkiss.dbeaver.erd.model 1.0.89.202404211624]
> Start DBeaver Dashboard UI [org.jkiss.dbeaver.ui.dashboard 1.0.126.202404211624]
> Start DBeaver Dashboards Model [org.jkiss.dbeaver.model.dashboard 1.0.2.202404211624]
> Start DBeaver UI Editors - Connections [org.jkiss.dbeaver.ui.editors.connection 1.0.120.202404211624]
> Start 콘솔 [org.eclipse.ui.console 3.13.100.v20230914-0751]
> Start 디버그 핵심 [org.eclipse.debug.core 3.21.200.v20231021-1513]
2024-05-20 09:36:45.667 - Connect with 'localhost' (oracle_thin-18f3c210cad-503504f4b1ee1cc3)
> Start DBeaver JDBC Model [org.jkiss.dbeaver.model.jdbc 1.0.22.202404211624]
> Start DBeaver Oracle Model [org.jkiss.dbeaver.ext.oracle 2.1.214.202404211624]
2024-05-20 09:36:45.690 - Execution context opened (localhost; Main; 0)
2024-05-20 09:36:45.890 - Execution context opened (localhost; Metadata; 1)
2024-05-20 09:36:45.932 - Connected (oracle_thin-18f3c210cad-503504f4b1ee1cc3, Oracle JDBC driver [11.2.0.2.0])
2024-05-20 09:36:45.934 - Execution context opened (localhost; SQLEditor <DB_20240513_김희철.sql>; 2)
> Start DBeaver Tasks - Native Tools UI [org.jkiss.dbeaver.tasks.native.ui 1.0.107.202404211624]
> Start DBeaver Oracle UI [org.jkiss.dbeaver.ext.oracle.ui 1.0.116.202404211624]
> Start DBeaver Tasks - General UI [org.jkiss.dbeaver.tasks.ui 1.0.107.202404211624]
> Start DBeaver SQL Language Semantic Model [org.jkiss.dbeaver.model.lsm 1.0.24.202404211624]
2024-05-20 09:36:47.785 - Open [https://dbeaver.io/product/version.xml]
2024-05-20 09:36:52.625 - Event loop exception
org.eclipse.swt.SWTException: Widget is disposed
	at org.eclipse.swt.SWT.error(SWT.java:4918)
	at org.eclipse.swt.SWT.error(SWT.java:4833)
	at org.eclipse.swt.SWT.error(SWT.java:4804)
	at org.eclipse.swt.widgets.Widget.error(Widget.java:450)
	at org.eclipse.swt.widgets.Widget.checkWidget(Widget.java:369)
	at org.eclipse.swt.custom.CTabFolder.setFont(CTabFolder.java:2701)
	at org.jkiss.dbeaver.ui.controls.resultset.ResultSetViewer.applyCurrentPresentationThemeSettings(ResultSetViewer.java:451)
	at org.jkiss.dbeaver.ui.controls.resultset.ResultSetViewer.access$4(ResultSetViewer.java:449)
	at org.eclipse.ui.internal.PendingSyncExec.run(PendingSyncExec.java:68)
	at org.eclipse.ui.internal.UILockListener.doPendingWork(UILockListener.java:172)
	at org.eclipse.swt.widgets.RunnableLock.run(RunnableLock.java:40)
	at org.eclipse.swt.widgets.Synchronizer.runAsyncMessages(Synchronizer.java:132)
	at org.eclipse.swt.widgets.Display.runAsyncMessages(Display.java:4046)
	at org.eclipse.swt.widgets.Display.readAndDispatch(Display.java:3662)
	at org.eclipse.e4.ui.internal.workbench.swt.PartRenderingEngine$5.run(PartRenderingEngine.java:1155)
	at org.eclipse.core.databinding.observable.Realm.runWithDefault(Realm.java:342)
	at org.eclipse.e4.ui.internal.workbench.swt.PartRenderingEngine.run(PartRenderingEngine.java:1046)
	at org.eclipse.e4.ui.internal.workbench.E4Workbench.createAndRunUI(E4Workbench.java:155)
	at org.eclipse.ui.internal.Workbench.lambda$3(Workbench.java:648)
	at org.eclipse.core.databinding.observable.Realm.runWithDefault(Realm.java:342)
	at org.eclipse.ui.internal.Workbench.createAndRunWorkbench(Workbench.java:555)
	at org.eclipse.ui.PlatformUI.createAndRunWorkbench(PlatformUI.java:173)
	at org.jkiss.dbeaver.ui.app.standalone.DBeaverApplication.start(DBeaverApplication.java:295)
	at org.eclipse.equinox.internal.app.EclipseAppHandle.run(EclipseAppHandle.java:208)
	at org.eclipse.core.runtime.internal.adaptor.EclipseAppLauncher.runApplication(EclipseAppLauncher.java:136)
	at org.eclipse.core.runtime.internal.adaptor.EclipseAppLauncher.start(EclipseAppLauncher.java:104)
	at org.eclipse.core.runtime.adaptor.EclipseStarter.run(EclipseStarter.java:402)
	at org.eclipse.core.runtime.adaptor.EclipseStarter.run(EclipseStarter.java:255)
	at java.base/jdk.internal.reflect.NativeMethodAccessorImpl.invoke0(Native Method)
	at java.base/jdk.internal.reflect.NativeMethodAccessorImpl.invoke(Unknown Source)
	at java.base/jdk.internal.reflect.DelegatingMethodAccessorImpl.invoke(Unknown Source)
	at java.base/java.lang.reflect.Method.invoke(Unknown Source)
	at org.jkiss.dbeaver.launcher.DBeaverLauncher.invokeFramework(DBeaverLauncher.java:647)
	at org.jkiss.dbeaver.launcher.DBeaverLauncher.basicRun(DBeaverLauncher.java:607)
	at org.jkiss.dbeaver.launcher.DBeaverLauncher.run(DBeaverLauncher.java:1464)
2024-05-20 09:36:52.651 - Connect with 'localhost 2' (mysql8-18f3c45f4ce-7b783b169c9c510b)
> Start DBeaver MySQL Support [org.jkiss.dbeaver.ext.mysql 2.1.214.202404211624]
2024-05-20 09:36:52.658 - Execution context opened (localhost 2; Main; 3)
> Start DBeaver GIS Support [org.jkiss.dbeaver.data.gis 1.0.153.202404211624]
2024-05-20 09:36:52.773 - Execution context opened (localhost 2; Metadata; 4)
2024-05-20 09:36:52.816 - Connected (mysql8-18f3c45f4ce-7b783b169c9c510b, MySQL Connector/J [mysql-connector-j-8.2.0 (Revision: 06a1f724497fd81c6a659131fda822c9e5085b6c)])
2024-05-20 09:36:58.305 - Execution context closed (localhost, 2)
> Start DBeaver MySQL UI Support [org.jkiss.dbeaver.ext.mysql.ui 1.0.121.202404211624]
2024-05-20 09:44:38.437 - Execution context opened (localhost 2; SQLEditor <Script-11.sql>; 5)
2024-05-20 11:02:53.831 - End idle 1 transactions for mysql8-18f3c45f4ce-7b783b169c9c510b
2024-05-20 14:32:43.582 - Execution context closed (localhost 2, 3)
2024-05-20 14:32:43.582 - Execution context closed (localhost, 0)
2024-05-20 14:32:43.597 - Execution context closed (localhost 2, 4)
2024-05-20 14:32:43.597 - Execution context closed (localhost, 1)
2024-05-20 14:32:43.597 - Disconnected (oracle_thin-18f3c210cad-503504f4b1ee1cc3)
2024-05-20 14:32:43.612 - Execution context closed (localhost 2, 5)
2024-05-20 14:32:43.612 - Disconnected (mysql8-18f3c45f4ce-7b783b169c9c510b)
2024-05-20 18:37:03.431 - Default context not found
org.jkiss.dbeaver.model.exec.DBCException: Default context not found
	at org.jkiss.dbeaver.model.DBUtils.openMetaSession(DBUtils.java:1801)
	at org.jkiss.dbeaver.model.impl.jdbc.cache.JDBCObjectCache.loadObjects(JDBCObjectCache.java:105)
	at org.jkiss.dbeaver.model.impl.jdbc.cache.JDBCObjectCache.getAllObjects(JDBCObjectCache.java:74)
	at org.jkiss.dbeaver.model.impl.jdbc.cache.JDBCObjectCache.getAllObjects(JDBCObjectCache.java:1)
	at org.jkiss.dbeaver.model.struct.cache.AbstractObjectCache.getTypedObjects(AbstractObjectCache.java:87)
	at org.jkiss.dbeaver.ext.mysql.model.MySQLCatalog.getTables(MySQLCatalog.java:337)
	at java.base/jdk.internal.reflect.NativeMethodAccessorImpl.invoke0(Native Method)
	at java.base/jdk.internal.reflect.NativeMethodAccessorImpl.invoke(Unknown Source)
	at java.base/jdk.internal.reflect.DelegatingMethodAccessorImpl.invoke(Unknown Source)
	at java.base/java.lang.reflect.Method.invoke(Unknown Source)
	at org.jkiss.dbeaver.model.navigator.DBNDatabaseNode.extractPropertyValue(DBNDatabaseNode.java:984)
	at org.jkiss.dbeaver.model.navigator.DBNDatabaseNode$PropertyValueReader.run(DBNDatabaseNode.java:1056)
	at org.jkiss.dbeaver.model.navigator.DBNDatabaseNode$PropertyValueReader.run(DBNDatabaseNode.java:1)
	at org.jkiss.dbeaver.model.exec.DBExecUtils.tryExecuteRecover(DBExecUtils.java:194)
	at org.jkiss.dbeaver.model.navigator.DBNDatabaseNode.loadTreeItems(DBNDatabaseNode.java:599)
	at org.jkiss.dbeaver.model.navigator.DBNDatabaseNode.loadChildren(DBNDatabaseNode.java:468)
	at org.jkiss.dbeaver.model.navigator.DBNDatabaseNode.reloadChildren(DBNDatabaseNode.java:852)
	at org.jkiss.dbeaver.model.navigator.DBNDatabaseNode.loadChildren(DBNDatabaseNode.java:505)
	at org.jkiss.dbeaver.model.navigator.DBNDatabaseNode.reloadChildren(DBNDatabaseNode.java:852)
	at org.jkiss.dbeaver.model.navigator.DBNDatabaseNode.refreshNodeContent(DBNDatabaseNode.java:398)
	at org.jkiss.dbeaver.model.navigator.DBNDatabaseNode.refreshNode(DBNDatabaseNode.java:373)
	at org.jkiss.dbeaver.ui.navigator.actions.NavigatorHandlerRefresh$1.run(NavigatorHandlerRefresh.java:189)
	at org.jkiss.dbeaver.model.runtime.AbstractJob.run(AbstractJob.java:115)
	at org.eclipse.core.internal.jobs.Worker.run(Worker.java:63)
2024-05-20 18:37:07.662 - org.jkiss.dbeaver.model.exec.DBCException: Default context not found
	at org.jkiss.dbeaver.model.DBUtils.openMetaSession(DBUtils.java:1801)
	at org.jkiss.dbeaver.ext.mysql.model.MySQLCatalog.collectObjectStatistics(MySQLCatalog.java:462)
	at org.jkiss.dbeaver.ui.navigator.database.StatisticsNavigatorNodeRenderer$StatReadJob.run(StatisticsNavigatorNodeRenderer.java:539)
	at org.jkiss.dbeaver.model.runtime.AbstractJob.run(AbstractJob.java:115)
	at org.eclipse.core.internal.jobs.Worker.run(Worker.java:63)
2024-05-20 18:37:08.356 - Default context not found
org.jkiss.dbeaver.model.exec.DBCException: Default context not found
	at org.jkiss.dbeaver.model.DBUtils.openMetaSession(DBUtils.java:1801)
	at org.jkiss.dbeaver.model.impl.jdbc.cache.JDBCObjectCache.loadObjects(JDBCObjectCache.java:105)
	at org.jkiss.dbeaver.model.impl.jdbc.cache.JDBCObjectCache.getAllObjects(JDBCObjectCache.java:74)
	at org.jkiss.dbeaver.model.impl.jdbc.cache.JDBCObjectCache.getAllObjects(JDBCObjectCache.java:1)
	at org.jkiss.dbeaver.model.struct.cache.AbstractObjectCache.getTypedObjects(AbstractObjectCache.java:87)
	at org.jkiss.dbeaver.ext.mysql.model.MySQLCatalog.getTables(MySQLCatalog.java:337)
	at java.base/jdk.internal.reflect.NativeMethodAccessorImpl.invoke0(Native Method)
	at java.base/jdk.internal.reflect.NativeMethodAccessorImpl.invoke(Unknown Source)
	at java.base/jdk.internal.reflect.DelegatingMethodAccessorImpl.invoke(Unknown Source)
	at java.base/java.lang.reflect.Method.invoke(Unknown Source)
	at org.jkiss.dbeaver.model.navigator.DBNDatabaseNode.extractPropertyValue(DBNDatabaseNode.java:984)
	at org.jkiss.dbeaver.model.navigator.DBNDatabaseNode$PropertyValueReader.run(DBNDatabaseNode.java:1056)
	at org.jkiss.dbeaver.model.navigator.DBNDatabaseNode$PropertyValueReader.run(DBNDatabaseNode.java:1)
	at org.jkiss.dbeaver.model.exec.DBExecUtils.tryExecuteRecover(DBExecUtils.java:194)
	at org.jkiss.dbeaver.model.navigator.DBNDatabaseNode.loadTreeItems(DBNDatabaseNode.java:599)
	at org.jkiss.dbeaver.model.navigator.DBNDatabaseNode.loadChildren(DBNDatabaseNode.java:468)
	at org.jkiss.dbeaver.model.navigator.DBNDatabaseNode.reloadChildren(DBNDatabaseNode.java:852)
	at org.jkiss.dbeaver.model.navigator.DBNDatabaseNode.loadChildren(DBNDatabaseNode.java:505)
	at org.jkiss.dbeaver.model.navigator.DBNDatabaseNode.reloadChildren(DBNDatabaseNode.java:852)
	at org.jkiss.dbeaver.model.navigator.DBNDatabaseNode.refreshNodeContent(DBNDatabaseNode.java:398)
	at org.jkiss.dbeaver.model.navigator.DBNDatabaseNode.refreshNode(DBNDatabaseNode.java:373)
	at org.jkiss.dbeaver.ui.navigator.actions.NavigatorHandlerRefresh$1.run(NavigatorHandlerRefresh.java:189)
	at org.jkiss.dbeaver.model.runtime.AbstractJob.run(AbstractJob.java:115)
	at org.eclipse.core.internal.jobs.Worker.run(Worker.java:63)
2024-05-20 18:37:39.680 - Connect with 'localhost 2' (mysql8-18f3c45f4ce-7b783b169c9c510b)
2024-05-20 18:37:39.681 - Execution context opened (localhost 2; Main; 6)
2024-05-20 18:37:39.696 - Execution context opened (localhost 2; Metadata; 7)
2024-05-20 18:37:39.717 - Connected (mysql8-18f3c45f4ce-7b783b169c9c510b, MySQL Connector/J [mysql-connector-j-8.2.0 (Revision: 06a1f724497fd81c6a659131fda822c9e5085b6c)])
2024-05-20 18:37:39.718 - Execution context opened (localhost 2; SQLEditor <Script-11.sql>; 8)
2024-05-20 18:37:39.930 - SQL Error [1292] [22001]: Data truncation: Truncated incorrect DOUBLE value: '게시글 update1'
org.jkiss.dbeaver.model.sql.DBSQLException: SQL Error [1292] [22001]: Data truncation: Truncated incorrect DOUBLE value: '게시글 update1'
	at org.jkiss.dbeaver.model.impl.jdbc.exec.JDBCStatementImpl.executeStatement(JDBCStatementImpl.java:133)
	at org.jkiss.dbeaver.ui.editors.sql.execute.SQLQueryJob.executeStatement(SQLQueryJob.java:614)
	at org.jkiss.dbeaver.ui.editors.sql.execute.SQLQueryJob.lambda$2(SQLQueryJob.java:505)
	at org.jkiss.dbeaver.model.exec.DBExecUtils.tryExecuteRecover(DBExecUtils.java:194)
	at org.jkiss.dbeaver.ui.editors.sql.execute.SQLQueryJob.executeSingleQuery(SQLQueryJob.java:524)
	at org.jkiss.dbeaver.ui.editors.sql.execute.SQLQueryJob.extractData(SQLQueryJob.java:976)
	at org.jkiss.dbeaver.ui.editors.sql.SQLEditor$QueryResultsContainer.readData(SQLEditor.java:4155)
	at org.jkiss.dbeaver.ui.controls.resultset.ResultSetJobDataRead.lambda$0(ResultSetJobDataRead.java:123)
	at org.jkiss.dbeaver.model.exec.DBExecUtils.tryExecuteRecover(DBExecUtils.java:194)
	at org.jkiss.dbeaver.ui.controls.resultset.ResultSetJobDataRead.run(ResultSetJobDataRead.java:121)
	at org.jkiss.dbeaver.ui.controls.resultset.ResultSetViewer$ResultSetDataPumpJob.run(ResultSetViewer.java:5152)
	at org.jkiss.dbeaver.model.runtime.AbstractJob.run(AbstractJob.java:115)
	at org.eclipse.core.internal.jobs.Worker.run(Worker.java:63)
Caused by: com.mysql.cj.jdbc.exceptions.MysqlDataTruncation: Data truncation: Truncated incorrect DOUBLE value: '게시글 update1'
	at com.mysql.cj.jdbc.exceptions.SQLExceptionsMapping.translateException(SQLExceptionsMapping.java:104)
	at com.mysql.cj.jdbc.StatementImpl.executeInternal(StatementImpl.java:767)
	at com.mysql.cj.jdbc.StatementImpl.execute(StatementImpl.java:652)
	at org.jkiss.dbeaver.model.impl.jdbc.exec.JDBCStatementImpl.execute(JDBCStatementImpl.java:330)
	at org.jkiss.dbeaver.model.impl.jdbc.exec.JDBCStatementImpl.executeStatement(JDBCStatementImpl.java:131)
	... 12 more
> Start DBeaver Data Transfer [org.jkiss.dbeaver.data.transfer 2.0.113.202404211624]
2024-05-20 18:38:35.448 - org.jkiss.dbeaver.model.exec.DBCException: Can't cache table columns
org.jkiss.dbeaver.model.exec.DBCException: Can't cache table columns
	at org.jkiss.dbeaver.model.impl.jdbc.struct.JDBCTable.readRequiredMeta(JDBCTable.java:947)
	at org.jkiss.dbeaver.model.impl.jdbc.struct.JDBCTable.readData(JDBCTable.java:139)
	at org.jkiss.dbeaver.ui.controls.resultset.ResultSetJobDataRead.lambda$0(ResultSetJobDataRead.java:123)
	at org.jkiss.dbeaver.model.exec.DBExecUtils.tryExecuteRecover(DBExecUtils.java:194)
	at org.jkiss.dbeaver.ui.controls.resultset.ResultSetJobDataRead.run(ResultSetJobDataRead.java:121)
	at org.jkiss.dbeaver.ui.controls.resultset.ResultSetViewer$ResultSetDataPumpJob.run(ResultSetViewer.java:5152)
	at org.jkiss.dbeaver.model.runtime.AbstractJob.run(AbstractJob.java:115)
	at org.eclipse.core.internal.jobs.Worker.run(Worker.java:63)
Caused by: org.jkiss.dbeaver.model.exec.DBCException: Default context not found
	at org.jkiss.dbeaver.model.DBUtils.openMetaSession(DBUtils.java:1801)
	at org.jkiss.dbeaver.model.impl.jdbc.cache.JDBCStructCache.loadChildren(JDBCStructCache.java:92)
	at org.jkiss.dbeaver.model.impl.jdbc.cache.JDBCStructCache.getChildren(JDBCStructCache.java:221)
	at org.jkiss.dbeaver.ext.mysql.model.MySQLTableBase.getAttributes(MySQLTableBase.java:111)
	at org.jkiss.dbeaver.model.impl.jdbc.struct.JDBCTable.readRequiredMeta(JDBCTable.java:944)
	... 7 more
2024-05-20 18:38:43.749 - org.jkiss.dbeaver.model.exec.DBCException: Can't cache table columns
org.jkiss.dbeaver.model.exec.DBCException: Can't cache table columns
	at org.jkiss.dbeaver.model.impl.jdbc.struct.JDBCTable.readRequiredMeta(JDBCTable.java:947)
	at org.jkiss.dbeaver.model.impl.jdbc.struct.JDBCTable.readData(JDBCTable.java:139)
	at org.jkiss.dbeaver.ui.controls.resultset.ResultSetJobDataRead.lambda$0(ResultSetJobDataRead.java:123)
	at org.jkiss.dbeaver.model.exec.DBExecUtils.tryExecuteRecover(DBExecUtils.java:194)
	at org.jkiss.dbeaver.ui.controls.resultset.ResultSetJobDataRead.run(ResultSetJobDataRead.java:121)
	at org.jkiss.dbeaver.ui.controls.resultset.ResultSetViewer$ResultSetDataPumpJob.run(ResultSetViewer.java:5152)
	at org.jkiss.dbeaver.model.runtime.AbstractJob.run(AbstractJob.java:115)
	at org.eclipse.core.internal.jobs.Worker.run(Worker.java:63)
Caused by: org.jkiss.dbeaver.model.exec.DBCException: Default context not found
	at org.jkiss.dbeaver.model.DBUtils.openMetaSession(DBUtils.java:1801)
	at org.jkiss.dbeaver.model.impl.jdbc.cache.JDBCStructCache.loadChildren(JDBCStructCache.java:92)
	at org.jkiss.dbeaver.model.impl.jdbc.cache.JDBCStructCache.getChildren(JDBCStructCache.java:221)
	at org.jkiss.dbeaver.ext.mysql.model.MySQLTableBase.getAttributes(MySQLTableBase.java:111)
	at org.jkiss.dbeaver.model.impl.jdbc.struct.JDBCTable.readRequiredMeta(JDBCTable.java:944)
	... 7 more
2024-05-20 18:38:44.328 - org.jkiss.dbeaver.model.exec.DBCException: Can't cache table columns
org.jkiss.dbeaver.model.exec.DBCException: Can't cache table columns
	at org.jkiss.dbeaver.model.impl.jdbc.struct.JDBCTable.readRequiredMeta(JDBCTable.java:947)
	at org.jkiss.dbeaver.model.impl.jdbc.struct.JDBCTable.readData(JDBCTable.java:139)
	at org.jkiss.dbeaver.ui.controls.resultset.ResultSetJobDataRead.lambda$0(ResultSetJobDataRead.java:123)
	at org.jkiss.dbeaver.model.exec.DBExecUtils.tryExecuteRecover(DBExecUtils.java:194)
	at org.jkiss.dbeaver.ui.controls.resultset.ResultSetJobDataRead.run(ResultSetJobDataRead.java:121)
	at org.jkiss.dbeaver.ui.controls.resultset.ResultSetViewer$ResultSetDataPumpJob.run(ResultSetViewer.java:5152)
	at org.jkiss.dbeaver.model.runtime.AbstractJob.run(AbstractJob.java:115)
	at org.eclipse.core.internal.jobs.Worker.run(Worker.java:63)
Caused by: org.jkiss.dbeaver.model.exec.DBCException: Default context not found
	at org.jkiss.dbeaver.model.DBUtils.openMetaSession(DBUtils.java:1801)
	at org.jkiss.dbeaver.model.impl.jdbc.cache.JDBCStructCache.loadChildren(JDBCStructCache.java:92)
	at org.jkiss.dbeaver.model.impl.jdbc.cache.JDBCStructCache.getChildren(JDBCStructCache.java:221)
	at org.jkiss.dbeaver.ext.mysql.model.MySQLTableBase.getAttributes(MySQLTableBase.java:111)
	at org.jkiss.dbeaver.model.impl.jdbc.struct.JDBCTable.readRequiredMeta(JDBCTable.java:944)
	... 7 more
2024-05-20 18:38:45.553 - Default context not found
org.jkiss.dbeaver.model.exec.DBCException: Default context not found
	at org.jkiss.dbeaver.model.DBUtils.openMetaSession(DBUtils.java:1801)
	at org.jkiss.dbeaver.model.impl.jdbc.cache.JDBCObjectCache.loadObjects(JDBCObjectCache.java:105)
	at org.jkiss.dbeaver.model.impl.jdbc.cache.JDBCStructLookupCache.refreshObject(JDBCStructLookupCache.java:83)
	at org.jkiss.dbeaver.ext.mysql.model.MySQLTableBase.refreshObject(MySQLTableBase.java:139)
	at org.jkiss.dbeaver.ext.mysql.model.MySQLTable.refreshObject(MySQLTable.java:699)
	at org.jkiss.dbeaver.model.navigator.DBNDatabaseNode.lambda$0(DBNDatabaseNode.java:362)
	at org.jkiss.dbeaver.model.exec.DBExecUtils.tryExecuteRecover(DBExecUtils.java:194)
	at org.jkiss.dbeaver.model.navigator.DBNDatabaseNode.refreshNode(DBNDatabaseNode.java:360)
	at org.jkiss.dbeaver.ui.navigator.actions.NavigatorHandlerRefresh$1.run(NavigatorHandlerRefresh.java:189)
	at org.jkiss.dbeaver.model.runtime.AbstractJob.run(AbstractJob.java:115)
	at org.eclipse.core.internal.jobs.Worker.run(Worker.java:63)
2024-05-20 18:38:47.370 - Default context not found
org.jkiss.dbeaver.model.exec.DBCException: Default context not found
	at org.jkiss.dbeaver.model.DBUtils.openMetaSession(DBUtils.java:1801)
	at org.jkiss.dbeaver.model.impl.jdbc.cache.JDBCObjectCache.loadObjects(JDBCObjectCache.java:105)
	at org.jkiss.dbeaver.model.impl.jdbc.cache.JDBCObjectCache.getAllObjects(JDBCObjectCache.java:74)
	at org.jkiss.dbeaver.model.impl.jdbc.cache.JDBCObjectCache.getAllObjects(JDBCObjectCache.java:1)
	at org.jkiss.dbeaver.model.struct.cache.AbstractObjectCache.getTypedObjects(AbstractObjectCache.java:87)
	at org.jkiss.dbeaver.ext.mysql.model.MySQLCatalog.getTables(MySQLCatalog.java:337)
	at java.base/jdk.internal.reflect.NativeMethodAccessorImpl.invoke0(Native Method)
	at java.base/jdk.internal.reflect.NativeMethodAccessorImpl.invoke(Unknown Source)
	at java.base/jdk.internal.reflect.DelegatingMethodAccessorImpl.invoke(Unknown Source)
	at java.base/java.lang.reflect.Method.invoke(Unknown Source)
	at org.jkiss.dbeaver.model.navigator.DBNDatabaseNode.extractPropertyValue(DBNDatabaseNode.java:984)
	at org.jkiss.dbeaver.model.navigator.DBNDatabaseNode$PropertyValueReader.run(DBNDatabaseNode.java:1056)
	at org.jkiss.dbeaver.model.navigator.DBNDatabaseNode$PropertyValueReader.run(DBNDatabaseNode.java:1)
	at org.jkiss.dbeaver.model.exec.DBExecUtils.tryExecuteRecover(DBExecUtils.java:194)
	at org.jkiss.dbeaver.model.navigator.DBNDatabaseNode.loadTreeItems(DBNDatabaseNode.java:599)
	at org.jkiss.dbeaver.model.navigator.DBNDatabaseNode.loadChildren(DBNDatabaseNode.java:468)
	at org.jkiss.dbeaver.model.navigator.DBNDatabaseNode.reloadChildren(DBNDatabaseNode.java:852)
	at org.jkiss.dbeaver.model.navigator.DBNDatabaseNode.loadChildren(DBNDatabaseNode.java:505)
	at org.jkiss.dbeaver.model.navigator.DBNDatabaseNode.reloadChildren(DBNDatabaseNode.java:852)
	at org.jkiss.dbeaver.model.navigator.DBNDatabaseNode.refreshNodeContent(DBNDatabaseNode.java:398)
	at org.jkiss.dbeaver.model.navigator.DBNDatabaseNode.refreshNode(DBNDatabaseNode.java:373)
	at org.jkiss.dbeaver.ui.navigator.actions.NavigatorHandlerRefresh$1.run(NavigatorHandlerRefresh.java:189)
	at org.jkiss.dbeaver.model.runtime.AbstractJob.run(AbstractJob.java:115)
	at org.eclipse.core.internal.jobs.Worker.run(Worker.java:63)
2024-05-20 18:39:09.120 - 	Invalidate context 'Main' for mysql8-18f3c45f4ce-7b783b169c9c510b (BEFORE_INVALIDATE)
2024-05-20 18:39:09.133 - Execution context closed (localhost 2, 6)
2024-05-20 18:39:09.133 - 	Invalidate context 'Metadata' for mysql8-18f3c45f4ce-7b783b169c9c510b (BEFORE_INVALIDATE)
2024-05-20 18:39:09.145 - Execution context closed (localhost 2, 7)
2024-05-20 18:39:09.145 - 	Invalidate context 'SQLEditor <Script-11.sql>' for mysql8-18f3c45f4ce-7b783b169c9c510b (BEFORE_INVALIDATE)
2024-05-20 18:39:09.157 - Execution context closed (localhost 2, 8)
2024-05-20 18:39:09.157 - 	Invalidate context 'Main' for mysql8-18f3c45f4ce-7b783b169c9c510b (INVALIDATE)
2024-05-20 18:39:09.160 - 	Invalidate context 'Metadata' for mysql8-18f3c45f4ce-7b783b169c9c510b (INVALIDATE)
2024-05-20 18:39:09.162 - 	Invalidate context 'SQLEditor <Script-11.sql>' for mysql8-18f3c45f4ce-7b783b169c9c510b (INVALIDATE)
2024-05-20 18:39:09.164 - 	Invalidate context 'Main' for mysql8-18f3c45f4ce-7b783b169c9c510b (AFTER_INVALIDATE)
2024-05-20 18:39:09.164 - 	Invalidate context 'Metadata' for mysql8-18f3c45f4ce-7b783b169c9c510b (AFTER_INVALIDATE)
2024-05-20 18:39:09.164 - 	Invalidate context 'SQLEditor <Script-11.sql>' for mysql8-18f3c45f4ce-7b783b169c9c510b (AFTER_INVALIDATE)
2024-05-20 18:39:09.165 - Connections reopened: 3 (of 3)
2024-05-20 18:39:17.633 - Default context not found
org.jkiss.dbeaver.model.exec.DBCException: Default context not found
	at org.jkiss.dbeaver.model.DBUtils.openMetaSession(DBUtils.java:1801)
	at org.jkiss.dbeaver.model.impl.jdbc.cache.JDBCObjectCache.loadObjects(JDBCObjectCache.java:105)
	at org.jkiss.dbeaver.model.impl.jdbc.cache.JDBCObjectCache.getAllObjects(JDBCObjectCache.java:74)
	at org.jkiss.dbeaver.model.impl.jdbc.cache.JDBCObjectCache.getAllObjects(JDBCObjectCache.java:1)
	at org.jkiss.dbeaver.model.struct.cache.AbstractObjectCache.getTypedObjects(AbstractObjectCache.java:87)
	at org.jkiss.dbeaver.ext.mysql.model.MySQLCatalog.getTables(MySQLCatalog.java:337)
	at java.base/jdk.internal.reflect.NativeMethodAccessorImpl.invoke0(Native Method)
	at java.base/jdk.internal.reflect.NativeMethodAccessorImpl.invoke(Unknown Source)
	at java.base/jdk.internal.reflect.DelegatingMethodAccessorImpl.invoke(Unknown Source)
	at java.base/java.lang.reflect.Method.invoke(Unknown Source)
	at org.jkiss.dbeaver.model.navigator.DBNDatabaseNode.extractPropertyValue(DBNDatabaseNode.java:984)
	at org.jkiss.dbeaver.model.navigator.DBNDatabaseNode$PropertyValueReader.run(DBNDatabaseNode.java:1056)
	at org.jkiss.dbeaver.model.navigator.DBNDatabaseNode$PropertyValueReader.run(DBNDatabaseNode.java:1)
	at org.jkiss.dbeaver.model.exec.DBExecUtils.tryExecuteRecover(DBExecUtils.java:194)
	at org.jkiss.dbeaver.model.navigator.DBNDatabaseNode.loadTreeItems(DBNDatabaseNode.java:599)
	at org.jkiss.dbeaver.model.navigator.DBNDatabaseNode.loadChildren(DBNDatabaseNode.java:468)
	at org.jkiss.dbeaver.model.navigator.DBNDatabaseNode.reloadChildren(DBNDatabaseNode.java:852)
	at org.jkiss.dbeaver.model.navigator.DBNDatabaseNode.loadChildren(DBNDatabaseNode.java:505)
	at org.jkiss.dbeaver.model.navigator.DBNDatabaseNode.reloadChildren(DBNDatabaseNode.java:852)
	at org.jkiss.dbeaver.model.navigator.DBNDatabaseNode.refreshNodeContent(DBNDatabaseNode.java:398)
	at org.jkiss.dbeaver.model.navigator.DBNDatabaseNode.refreshNode(DBNDatabaseNode.java:373)
	at org.jkiss.dbeaver.ui.navigator.actions.NavigatorHandlerRefresh$1.run(NavigatorHandlerRefresh.java:189)
	at org.jkiss.dbeaver.model.runtime.AbstractJob.run(AbstractJob.java:115)
	at org.eclipse.core.internal.jobs.Worker.run(Worker.java:63)
2024-05-20 18:39:28.750 - org.jkiss.dbeaver.model.exec.DBCException: Can't cache table columns
org.jkiss.dbeaver.model.exec.DBCException: Can't cache table columns
	at org.jkiss.dbeaver.model.impl.jdbc.struct.JDBCTable.readRequiredMeta(JDBCTable.java:947)
	at org.jkiss.dbeaver.model.impl.jdbc.struct.JDBCTable.readData(JDBCTable.java:139)
	at org.jkiss.dbeaver.ui.controls.resultset.ResultSetJobDataRead.lambda$0(ResultSetJobDataRead.java:123)
	at org.jkiss.dbeaver.model.exec.DBExecUtils.tryExecuteRecover(DBExecUtils.java:194)
	at org.jkiss.dbeaver.ui.controls.resultset.ResultSetJobDataRead.run(ResultSetJobDataRead.java:121)
	at org.jkiss.dbeaver.ui.controls.resultset.ResultSetViewer$ResultSetDataPumpJob.run(ResultSetViewer.java:5152)
	at org.jkiss.dbeaver.model.runtime.AbstractJob.run(AbstractJob.java:115)
	at org.eclipse.core.internal.jobs.Worker.run(Worker.java:63)
Caused by: org.jkiss.dbeaver.model.exec.DBCException: Default context not found
	at org.jkiss.dbeaver.model.DBUtils.openMetaSession(DBUtils.java:1801)
	at org.jkiss.dbeaver.model.impl.jdbc.cache.JDBCStructCache.loadChildren(JDBCStructCache.java:92)
	at org.jkiss.dbeaver.model.impl.jdbc.cache.JDBCStructCache.getChildren(JDBCStructCache.java:221)
	at org.jkiss.dbeaver.ext.mysql.model.MySQLTableBase.getAttributes(MySQLTableBase.java:111)
	at org.jkiss.dbeaver.model.impl.jdbc.struct.JDBCTable.readRequiredMeta(JDBCTable.java:944)
	... 7 more
2024-05-20 19:07:16.511 - Default context not found
org.jkiss.dbeaver.model.exec.DBCException: Default context not found
	at org.jkiss.dbeaver.model.DBUtils.openMetaSession(DBUtils.java:1801)
	at org.jkiss.dbeaver.model.impl.jdbc.cache.JDBCObjectCache.loadObjects(JDBCObjectCache.java:105)
	at org.jkiss.dbeaver.model.impl.jdbc.cache.JDBCObjectCache.getAllObjects(JDBCObjectCache.java:74)
	at org.jkiss.dbeaver.model.impl.jdbc.cache.JDBCObjectCache.getAllObjects(JDBCObjectCache.java:1)
	at org.jkiss.dbeaver.model.struct.cache.AbstractObjectCache.getTypedObjects(AbstractObjectCache.java:87)
	at org.jkiss.dbeaver.ext.mysql.model.MySQLCatalog.getTables(MySQLCatalog.java:337)
	at java.base/jdk.internal.reflect.NativeMethodAccessorImpl.invoke0(Native Method)
	at java.base/jdk.internal.reflect.NativeMethodAccessorImpl.invoke(Unknown Source)
	at java.base/jdk.internal.reflect.DelegatingMethodAccessorImpl.invoke(Unknown Source)
	at java.base/java.lang.reflect.Method.invoke(Unknown Source)
	at org.jkiss.dbeaver.model.navigator.DBNDatabaseNode.extractPropertyValue(DBNDatabaseNode.java:984)
	at org.jkiss.dbeaver.model.navigator.DBNDatabaseNode$PropertyValueReader.run(DBNDatabaseNode.java:1056)
	at org.jkiss.dbeaver.model.navigator.DBNDatabaseNode$PropertyValueReader.run(DBNDatabaseNode.java:1)
	at org.jkiss.dbeaver.model.exec.DBExecUtils.tryExecuteRecover(DBExecUtils.java:194)
	at org.jkiss.dbeaver.model.navigator.DBNDatabaseNode.loadTreeItems(DBNDatabaseNode.java:599)
	at org.jkiss.dbeaver.model.navigator.DBNDatabaseNode.loadChildren(DBNDatabaseNode.java:468)
	at org.jkiss.dbeaver.model.navigator.DBNDatabaseNode.reloadChildren(DBNDatabaseNode.java:852)
	at org.jkiss.dbeaver.model.navigator.DBNDatabaseNode.loadChildren(DBNDatabaseNode.java:505)
	at org.jkiss.dbeaver.model.navigator.DBNDatabaseNode.reloadChildren(DBNDatabaseNode.java:852)
	at org.jkiss.dbeaver.model.navigator.DBNDatabaseNode.refreshNodeContent(DBNDatabaseNode.java:398)
	at org.jkiss.dbeaver.model.navigator.DBNDatabaseNode.refreshNode(DBNDatabaseNode.java:373)
	at org.jkiss.dbeaver.ui.navigator.actions.NavigatorHandlerRefresh$1.run(NavigatorHandlerRefresh.java:189)
	at org.jkiss.dbeaver.model.runtime.AbstractJob.run(AbstractJob.java:115)
	at org.eclipse.core.internal.jobs.Worker.run(Worker.java:63)
2024-05-20 19:07:22.552 - Execution context closed (localhost 2, 8)
2024-05-20 19:07:22.779 - DBeaver is stopping
2024-05-20 19:07:22.781 - Stop instance server
2024-05-20 19:07:23.787 - Instance server has been stopped
2024-05-20 19:07:23.788 - DBeaver shutdown completed
